2019-11-17 15:39:31.675  INFO 8622 --- [main] c.s.guns.rest.GunsUserApplication        : Starting GunsUserApplication on jiangyuanyuandeMacBook-Pro.local with PID 8622 (/Users/jiangyuanyuan/IdeaProjects/guns/guns-user/target/classes started by jiangyuanyuan in /Users/jiangyuanyuan/IdeaProjects/guns)
2019-11-17 15:39:31.677 DEBUG 8622 --- [main] c.s.guns.rest.GunsUserApplication        : Running with Spring Boot v2.0.1.RELEASE, Spring v5.0.5.RELEASE
2019-11-17 15:39:31.679  INFO 8622 --- [main] c.s.guns.rest.GunsUserApplication        : No active profile set, falling back to default profiles: default
2019-11-17 15:39:31.706  INFO 8622 --- [main] ConfigServletWebServerApplicationContext : Refreshing org.springframework.boot.web.servlet.context.AnnotationConfigServletWebServerApplicationContext@489115ef: startup date [Sun Nov 17 15:39:31 CST 2019]; root of context hierarchy
2019-11-17 15:39:32.159  INFO 8622 --- [main] o.s.b.f.s.DefaultListableBeanFactory     : Overriding bean definition for bean 'error' with a different definition: replacing [Root bean: class [null]; scope=; abstract=false; lazyInit=false; autowireMode=3; dependencyCheck=0; autowireCandidate=true; primary=false; factoryBeanName=org.springframework.boot.autoconfigure.web.servlet.error.ErrorMvcAutoConfiguration$WhitelabelErrorViewConfiguration; factoryMethodName=defaultErrorView; initMethodName=null; destroyMethodName=(inferred); defined in class path resource [org/springframework/boot/autoconfigure/web/servlet/error/ErrorMvcAutoConfiguration$WhitelabelErrorViewConfiguration.class]] with [Root bean: class [null]; scope=; abstract=false; lazyInit=false; autowireMode=3; dependencyCheck=0; autowireCandidate=true; primary=false; factoryBeanName=com.stylefeng.guns.core.config.DefaultWebConfig; factoryMethodName=error; initMethodName=null; destroyMethodName=(inferred); defined in class path resource [com/stylefeng/guns/core/config/DefaultWebConfig.class]]
2019-11-17 15:39:32.160  INFO 8622 --- [main] o.s.b.f.s.DefaultListableBeanFactory     : Overriding bean definition for bean 'dataSource' with a different definition: replacing [Root bean: class [null]; scope=; abstract=false; lazyInit=false; autowireMode=3; dependencyCheck=0; autowireCandidate=true; primary=false; factoryBeanName=org.springframework.boot.autoconfigure.jdbc.DataSourceConfiguration$Hikari; factoryMethodName=dataSource; initMethodName=null; destroyMethodName=(inferred); defined in class path resource [org/springframework/boot/autoconfigure/jdbc/DataSourceConfiguration$Hikari.class]] with [Root bean: class [null]; scope=; abstract=false; lazyInit=false; autowireMode=3; dependencyCheck=0; autowireCandidate=true; primary=false; factoryBeanName=com.stylefeng.guns.core.config.SingleDataSourceConfig; factoryMethodName=dataSource; initMethodName=null; destroyMethodName=(inferred); defined in class path resource [com/stylefeng/guns/core/config/SingleDataSourceConfig.class]]
2019-11-17 15:39:32.161  INFO 8622 --- [main] o.s.b.f.s.DefaultListableBeanFactory     : Overriding bean definition for bean 'paginationInterceptor' with a different definition: replacing [Root bean: class [null]; scope=; abstract=false; lazyInit=false; autowireMode=3; dependencyCheck=0; autowireCandidate=true; primary=false; factoryBeanName=mybatisPlusConfig; factoryMethodName=paginationInterceptor; initMethodName=null; destroyMethodName=(inferred); defined in class path resource [com/stylefeng/guns/rest/config/MybatisPlusConfig.class]] with [Root bean: class [null]; scope=; abstract=false; lazyInit=false; autowireMode=3; dependencyCheck=0; autowireCandidate=true; primary=false; factoryBeanName=com.stylefeng.guns.core.config.SingleDataSourceConfig; factoryMethodName=paginationInterceptor; initMethodName=null; destroyMethodName=(inferred); defined in class path resource [com/stylefeng/guns/core/config/SingleDataSourceConfig.class]]
2019-11-17 15:39:32.163  WARN 8622 --- [main] o.m.s.mapper.ClassPathMapperScanner      : No MyBatis mapper was found in '[com.stylefeng.guns.modular.*.dao]' package. Please check your configuration.
2019-11-17 15:39:32.494  INFO 8622 --- [main] trationDelegate$BeanPostProcessorChecker : Bean 'org.springframework.boot.context.properties.ConversionServiceDeducer$Factory' of type [org.springframework.boot.context.properties.ConversionServiceDeducer$Factory] is not eligible for getting processed by all BeanPostProcessors (for example: not eligible for auto-proxying)
2019-11-17 15:39:32.500  INFO 8622 --- [main] trationDelegate$BeanPostProcessorChecker : Bean 'org.springframework.transaction.annotation.ProxyTransactionManagementConfiguration' of type [org.springframework.transaction.annotation.ProxyTransactionManagementConfiguration$$EnhancerBySpringCGLIB$$fc70c475] is not eligible for getting processed by all BeanPostProcessors (for example: not eligible for auto-proxying)
2019-11-17 15:39:32.533  INFO 8622 --- [main] trationDelegate$BeanPostProcessorChecker : Bean 'spring.dubbo-com.alibaba.dubbo.spring.boot.DubboProperties' of type [com.alibaba.dubbo.spring.boot.DubboProperties] is not eligible for getting processed by all BeanPostProcessors (for example: not eligible for auto-proxying)
2019-11-17 15:39:32.534  INFO 8622 --- [main] trationDelegate$BeanPostProcessorChecker : Bean 'com.alibaba.dubbo.spring.boot.DubboConsumerAutoConfiguration' of type [com.alibaba.dubbo.spring.boot.DubboConsumerAutoConfiguration$$EnhancerBySpringCGLIB$$368b5d97] is not eligible for getting processed by all BeanPostProcessors (for example: not eligible for auto-proxying)
2019-11-17 15:39:32.687  INFO 8622 --- [main] o.s.b.w.embedded.tomcat.TomcatWebServer  : Tomcat initialized with port(s): 8083 (http)
2019-11-17 15:39:32.702  INFO 8622 --- [main] o.apache.catalina.core.StandardService   : Starting service [Tomcat]
2019-11-17 15:39:32.703  INFO 8622 --- [main] org.apache.catalina.core.StandardEngine  : Starting Servlet Engine: Apache Tomcat/8.5.29
2019-11-17 15:39:32.706  INFO 8622 --- [localhost-startStop-1] o.a.catalina.core.AprLifecycleListener   : The APR based Apache Tomcat Native library which allows optimal performance in production environments was not found on the java.library.path: [/Users/jiangyuanyuan/Library/Java/Extensions:/Library/Java/Extensions:/Network/Library/Java/Extensions:/System/Library/Java/Extensions:/usr/lib/java:.]
2019-11-17 15:39:32.771  INFO 8622 --- [localhost-startStop-1] o.a.c.c.C.[Tomcat].[localhost].[/]       : Initializing Spring embedded WebApplicationContext
2019-11-17 15:39:32.772  INFO 8622 --- [localhost-startStop-1] o.s.web.context.ContextLoader            : Root WebApplicationContext: initialization completed in 1066 ms
2019-11-17 15:39:33.276  INFO 8622 --- [localhost-startStop-1] o.s.b.w.servlet.ServletRegistrationBean  : Servlet dispatcherServlet mapped to [/]
2019-11-17 15:39:33.279  INFO 8622 --- [localhost-startStop-1] o.s.b.w.servlet.FilterRegistrationBean   : Mapping filter: 'characterEncodingFilter' to: [/*]
2019-11-17 15:39:33.279  INFO 8622 --- [localhost-startStop-1] o.s.b.w.servlet.FilterRegistrationBean   : Mapping filter: 'hiddenHttpMethodFilter' to: [/*]
2019-11-17 15:39:33.279  INFO 8622 --- [localhost-startStop-1] o.s.b.w.servlet.FilterRegistrationBean   : Mapping filter: 'httpPutFormContentFilter' to: [/*]
2019-11-17 15:39:33.279  INFO 8622 --- [localhost-startStop-1] o.s.b.w.servlet.FilterRegistrationBean   : Mapping filter: 'requestContextFilter' to: [/*]
2019-11-17 15:39:33.279  INFO 8622 --- [localhost-startStop-1] o.s.b.w.servlet.FilterRegistrationBean   : Mapping filter: 'httpTraceFilter' to: [/*]
2019-11-17 15:39:33.280  INFO 8622 --- [localhost-startStop-1] o.s.b.w.servlet.FilterRegistrationBean   : Mapping filter: 'webMvcMetricsFilter' to: [/*]
2019-11-17 15:39:34.720  INFO 8622 --- [main] com.alibaba.druid.pool.DruidDataSource   : {dataSource-1} inited
2019-11-17 15:39:35.084  INFO 8622 --- [main] s.w.s.m.m.a.RequestMappingHandlerAdapter : Looking for @ControllerAdvice: org.springframework.boot.web.servlet.context.AnnotationConfigServletWebServerApplicationContext@489115ef: startup date [Sun Nov 17 15:39:31 CST 2019]; root of context hierarchy
2019-11-17 15:39:35.139  INFO 8622 --- [main] o.s.w.s.handler.SimpleUrlHandlerMapping  : Mapped URL path [/**/favicon.ico] onto handler of type [class org.springframework.web.servlet.resource.ResourceHttpRequestHandler]
2019-11-17 15:39:35.162  INFO 8622 --- [main] s.w.s.m.m.a.RequestMappingHandlerMapping : Mapped "{[/auth]}" onto public org.springframework.http.ResponseEntity<?> com.stylefeng.guns.rest.modular.auth.controller.AuthController.createAuthenticationToken(com.stylefeng.guns.rest.modular.auth.controller.dto.AuthRequest)
2019-11-17 15:39:35.163  INFO 8622 --- [main] s.w.s.m.m.a.RequestMappingHandlerMapping : Mapped "{[/hello]}" onto public org.springframework.http.ResponseEntity com.stylefeng.guns.rest.modular.example.ExampleController.hello(com.stylefeng.guns.rest.common.SimpleObject)
2019-11-17 15:39:35.164  INFO 8622 --- [main] s.w.s.m.m.a.RequestMappingHandlerMapping : Mapped "{[/global/error]}" onto public java.lang.String com.stylefeng.guns.core.base.controller.GlobalController.errorPage()
2019-11-17 15:39:35.165  INFO 8622 --- [main] s.w.s.m.m.a.RequestMappingHandlerMapping : Mapped "{[/global/sessionError]}" onto public java.lang.String com.stylefeng.guns.core.base.controller.GlobalController.errorPageInfo(org.springframework.ui.Model)
2019-11-17 15:39:35.166  INFO 8622 --- [main] s.w.s.m.m.a.RequestMappingHandlerMapping : Mapped "{[/error]}" onto public org.springframework.http.ResponseEntity<java.util.Map<java.lang.String, java.lang.Object>> org.springframework.boot.autoconfigure.web.servlet.error.BasicErrorController.error(javax.servlet.http.HttpServletRequest)
2019-11-17 15:39:35.167  INFO 8622 --- [main] s.w.s.m.m.a.RequestMappingHandlerMapping : Mapped "{[/error],produces=[text/html]}" onto public org.springframework.web.servlet.ModelAndView org.springframework.boot.autoconfigure.web.servlet.error.BasicErrorController.errorHtml(javax.servlet.http.HttpServletRequest,javax.servlet.http.HttpServletResponse)
2019-11-17 15:39:35.190  INFO 8622 --- [main] o.s.w.s.handler.SimpleUrlHandlerMapping  : Mapped URL path [/webjars/**] onto handler of type [class org.springframework.web.servlet.resource.ResourceHttpRequestHandler]
2019-11-17 15:39:35.190  INFO 8622 --- [main] o.s.w.s.handler.SimpleUrlHandlerMapping  : Mapped URL path [/**] onto handler of type [class org.springframework.web.servlet.resource.ResourceHttpRequestHandler]
2019-11-17 15:39:35.203  INFO 8622 --- [main] .m.m.a.ExceptionHandlerExceptionResolver : Detected @ExceptionHandler methods in globalExceptionHandler
2019-11-17 15:39:45.504  WARN 8622 --- [main] ConfigServletWebServerApplicationContext : Exception encountered during context initialization - cancelling refresh attempt: org.springframework.beans.factory.BeanCreationException: Error creating bean with name 'com.alibaba.dubbo.spring.boot.DubboProviderAutoConfiguration': Invocation of init method failed; nested exception is com.alibaba.dubbo.rpc.RpcException: Fail to start server(url: dubbo://192.168.2.122:20881/com.stylefeng.guns.api.user.UserAPI?anyhost=true&application=user&bind.ip=192.168.2.122&bind.port=20881&channel.readonly.sent=true&codec=dubbo&dubbo=2.6.0&generic=false&heartbeat=60000&interface=com.stylefeng.guns.api.user.UserAPI&methods=updateUserInfo,checkUsername,getUserInfo,login,register&pid=8622&revision=1.0.1&side=provider&timestamp=1573976380364) Failed to bind NettyServer on /192.168.2.122:20881, cause: Failed to bind to: /0.0.0.0:20881
2019-11-17 15:39:45.510  INFO 8622 --- [main] com.alibaba.druid.pool.DruidDataSource   : {dataSource-1} closed
2019-11-17 15:39:45.512  INFO 8622 --- [main] o.apache.catalina.core.StandardService   : Stopping service [Tomcat]
2019-11-17 15:39:45.523  INFO 8622 --- [main] ConditionEvaluationReportLoggingListener : 

Error starting ApplicationContext. To display the conditions report re-run your application with 'debug' enabled.
2019-11-17 15:39:45.532 ERROR 8622 --- [main] o.s.boot.SpringApplication               : Application run failed

org.springframework.beans.factory.BeanCreationException: Error creating bean with name 'com.alibaba.dubbo.spring.boot.DubboProviderAutoConfiguration': Invocation of init method failed; nested exception is com.alibaba.dubbo.rpc.RpcException: Fail to start server(url: dubbo://192.168.2.122:20881/com.stylefeng.guns.api.user.UserAPI?anyhost=true&application=user&bind.ip=192.168.2.122&bind.port=20881&channel.readonly.sent=true&codec=dubbo&dubbo=2.6.0&generic=false&heartbeat=60000&interface=com.stylefeng.guns.api.user.UserAPI&methods=updateUserInfo,checkUsername,getUserInfo,login,register&pid=8622&revision=1.0.1&side=provider&timestamp=1573976380364) Failed to bind NettyServer on /192.168.2.122:20881, cause: Failed to bind to: /0.0.0.0:20881
	at org.springframework.beans.factory.annotation.InitDestroyAnnotationBeanPostProcessor.postProcessBeforeInitialization(InitDestroyAnnotationBeanPostProcessor.java:138) ~[spring-beans-5.0.5.RELEASE.jar:5.0.5.RELEASE]
	at org.springframework.beans.factory.support.AbstractAutowireCapableBeanFactory.applyBeanPostProcessorsBeforeInitialization(AbstractAutowireCapableBeanFactory.java:422) ~[spring-beans-5.0.5.RELEASE.jar:5.0.5.RELEASE]
	at org.springframework.beans.factory.support.AbstractAutowireCapableBeanFactory.initializeBean(AbstractAutowireCapableBeanFactory.java:1694) ~[spring-beans-5.0.5.RELEASE.jar:5.0.5.RELEASE]
	at org.springframework.beans.factory.support.AbstractAutowireCapableBeanFactory.doCreateBean(AbstractAutowireCapableBeanFactory.java:579) ~[spring-beans-5.0.5.RELEASE.jar:5.0.5.RELEASE]
	at org.springframework.beans.factory.support.AbstractAutowireCapableBeanFactory.createBean(AbstractAutowireCapableBeanFactory.java:501) ~[spring-beans-5.0.5.RELEASE.jar:5.0.5.RELEASE]
	at org.springframework.beans.factory.support.AbstractBeanFactory.lambda$doGetBean$0(AbstractBeanFactory.java:317) ~[spring-beans-5.0.5.RELEASE.jar:5.0.5.RELEASE]
	at org.springframework.beans.factory.support.DefaultSingletonBeanRegistry.getSingleton(DefaultSingletonBeanRegistry.java:228) ~[spring-beans-5.0.5.RELEASE.jar:5.0.5.RELEASE]
	at org.springframework.beans.factory.support.AbstractBeanFactory.doGetBean(AbstractBeanFactory.java:315) ~[spring-beans-5.0.5.RELEASE.jar:5.0.5.RELEASE]
	at org.springframework.beans.factory.support.AbstractBeanFactory.getBean(AbstractBeanFactory.java:199) ~[spring-beans-5.0.5.RELEASE.jar:5.0.5.RELEASE]
	at org.springframework.beans.factory.support.DefaultListableBeanFactory.preInstantiateSingletons(DefaultListableBeanFactory.java:760) ~[spring-beans-5.0.5.RELEASE.jar:5.0.5.RELEASE]
	at org.springframework.context.support.AbstractApplicationContext.finishBeanFactoryInitialization(AbstractApplicationContext.java:869) ~[spring-context-5.0.5.RELEASE.jar:5.0.5.RELEASE]
	at org.springframework.context.support.AbstractApplicationContext.refresh(AbstractApplicationContext.java:550) ~[spring-context-5.0.5.RELEASE.jar:5.0.5.RELEASE]
	at org.springframework.boot.web.servlet.context.ServletWebServerApplicationContext.refresh(ServletWebServerApplicationContext.java:140) ~[spring-boot-2.0.1.RELEASE.jar:2.0.1.RELEASE]
	at org.springframework.boot.SpringApplication.refresh(SpringApplication.java:759) [spring-boot-2.0.1.RELEASE.jar:2.0.1.RELEASE]
	at org.springframework.boot.SpringApplication.refreshContext(SpringApplication.java:395) [spring-boot-2.0.1.RELEASE.jar:2.0.1.RELEASE]
	at org.springframework.boot.SpringApplication.run(SpringApplication.java:327) [spring-boot-2.0.1.RELEASE.jar:2.0.1.RELEASE]
	at org.springframework.boot.SpringApplication.run(SpringApplication.java:1255) [spring-boot-2.0.1.RELEASE.jar:2.0.1.RELEASE]
	at org.springframework.boot.SpringApplication.run(SpringApplication.java:1243) [spring-boot-2.0.1.RELEASE.jar:2.0.1.RELEASE]
	at com.stylefeng.guns.rest.GunsUserApplication.main(GunsUserApplication.java:12) [classes/:na]
Caused by: com.alibaba.dubbo.rpc.RpcException: Fail to start server(url: dubbo://192.168.2.122:20881/com.stylefeng.guns.api.user.UserAPI?anyhost=true&application=user&bind.ip=192.168.2.122&bind.port=20881&channel.readonly.sent=true&codec=dubbo&dubbo=2.6.0&generic=false&heartbeat=60000&interface=com.stylefeng.guns.api.user.UserAPI&methods=updateUserInfo,checkUsername,getUserInfo,login,register&pid=8622&revision=1.0.1&side=provider&timestamp=1573976380364) Failed to bind NettyServer on /192.168.2.122:20881, cause: Failed to bind to: /0.0.0.0:20881
	at com.alibaba.dubbo.rpc.protocol.dubbo.DubboProtocol.createServer(DubboProtocol.java:277) ~[dubbo-2.6.0.jar:2.6.0]
	at com.alibaba.dubbo.rpc.protocol.dubbo.DubboProtocol.openServer(DubboProtocol.java:254) ~[dubbo-2.6.0.jar:2.6.0]
	at com.alibaba.dubbo.rpc.protocol.dubbo.DubboProtocol.export(DubboProtocol.java:241) ~[dubbo-2.6.0.jar:2.6.0]
	at com.alibaba.dubbo.rpc.protocol.ProtocolFilterWrapper.export(ProtocolFilterWrapper.java:93) ~[dubbo-2.6.0.jar:2.6.0]
	at com.alibaba.dubbo.rpc.protocol.ProtocolListenerWrapper.export(ProtocolListenerWrapper.java:68) ~[dubbo-2.6.0.jar:2.6.0]
	at com.alibaba.dubbo.rpc.Protocol$Adaptive.export(Protocol$Adaptive.java) ~[dubbo-2.6.0.jar:2.6.0]
	at com.alibaba.dubbo.registry.integration.RegistryProtocol.doLocalExport(RegistryProtocol.java:181) ~[dubbo-2.6.0.jar:2.6.0]
	at com.alibaba.dubbo.registry.integration.RegistryProtocol.export(RegistryProtocol.java:121) ~[dubbo-2.6.0.jar:2.6.0]
	at com.alibaba.dubbo.rpc.protocol.ProtocolFilterWrapper.export(ProtocolFilterWrapper.java:91) ~[dubbo-2.6.0.jar:2.6.0]
	at com.alibaba.dubbo.rpc.protocol.ProtocolListenerWrapper.export(ProtocolListenerWrapper.java:66) ~[dubbo-2.6.0.jar:2.6.0]
	at com.alibaba.dubbo.rpc.Protocol$Adaptive.export(Protocol$Adaptive.java) ~[dubbo-2.6.0.jar:2.6.0]
	at com.alibaba.dubbo.config.ServiceConfig.doExportUrlsFor1Protocol(ServiceConfig.java:505) ~[dubbo-2.6.0.jar:2.6.0]
	at com.alibaba.dubbo.config.ServiceConfig.doExportUrls(ServiceConfig.java:357) ~[dubbo-2.6.0.jar:2.6.0]
	at com.alibaba.dubbo.config.ServiceConfig.doExport(ServiceConfig.java:316) ~[dubbo-2.6.0.jar:2.6.0]
	at com.alibaba.dubbo.config.ServiceConfig.export(ServiceConfig.java:215) ~[dubbo-2.6.0.jar:2.6.0]
	at com.alibaba.dubbo.spring.boot.DubboProviderAutoConfiguration.initProviderBean(DubboProviderAutoConfiguration.java:84) ~[dubbo-spring-boot-starter-2.0.0.jar:na]
	at com.alibaba.dubbo.spring.boot.DubboProviderAutoConfiguration.init(DubboProviderAutoConfiguration.java:45) ~[dubbo-spring-boot-starter-2.0.0.jar:na]
	at sun.reflect.NativeMethodAccessorImpl.invoke0(Native Method) ~[na:1.8.0_131]
	at sun.reflect.NativeMethodAccessorImpl.invoke(NativeMethodAccessorImpl.java:62) ~[na:1.8.0_131]
	at sun.reflect.DelegatingMethodAccessorImpl.invoke(DelegatingMethodAccessorImpl.java:43) ~[na:1.8.0_131]
	at java.lang.reflect.Method.invoke(Method.java:498) ~[na:1.8.0_131]
	at org.springframework.beans.factory.annotation.InitDestroyAnnotationBeanPostProcessor$LifecycleElement.invoke(InitDestroyAnnotationBeanPostProcessor.java:365) ~[spring-beans-5.0.5.RELEASE.jar:5.0.5.RELEASE]
	at org.springframework.beans.factory.annotation.InitDestroyAnnotationBeanPostProcessor$LifecycleMetadata.invokeInitMethods(InitDestroyAnnotationBeanPostProcessor.java:308) ~[spring-beans-5.0.5.RELEASE.jar:5.0.5.RELEASE]
	at org.springframework.beans.factory.annotation.InitDestroyAnnotationBeanPostProcessor.postProcessBeforeInitialization(InitDestroyAnnotationBeanPostProcessor.java:135) ~[spring-beans-5.0.5.RELEASE.jar:5.0.5.RELEASE]
	... 18 common frames omitted
Caused by: com.alibaba.dubbo.remoting.RemotingException: Failed to bind NettyServer on /192.168.2.122:20881, cause: Failed to bind to: /0.0.0.0:20881
	at com.alibaba.dubbo.remoting.transport.AbstractServer.<init>(AbstractServer.java:68) ~[dubbo-2.6.0.jar:2.6.0]
	at com.alibaba.dubbo.remoting.transport.netty.NettyServer.<init>(NettyServer.java:61) ~[dubbo-2.6.0.jar:2.6.0]
	at com.alibaba.dubbo.remoting.transport.netty.NettyTransporter.bind(NettyTransporter.java:31) ~[dubbo-2.6.0.jar:2.6.0]
	at com.alibaba.dubbo.remoting.Transporter$Adaptive.bind(Transporter$Adaptive.java) ~[dubbo-2.6.0.jar:2.6.0]
	at com.alibaba.dubbo.remoting.Transporters.bind(Transporters.java:56) ~[dubbo-2.6.0.jar:2.6.0]
	at com.alibaba.dubbo.remoting.exchange.support.header.HeaderExchanger.bind(HeaderExchanger.java:42) ~[dubbo-2.6.0.jar:2.6.0]
	at com.alibaba.dubbo.remoting.exchange.Exchangers.bind(Exchangers.java:70) ~[dubbo-2.6.0.jar:2.6.0]
	at com.alibaba.dubbo.rpc.protocol.dubbo.DubboProtocol.createServer(DubboProtocol.java:275) ~[dubbo-2.6.0.jar:2.6.0]
	... 41 common frames omitted
Caused by: org.jboss.netty.channel.ChannelException: Failed to bind to: /0.0.0.0:20881
	at org.jboss.netty.bootstrap.ServerBootstrap.bind(ServerBootstrap.java:303) ~[netty-3.2.5.Final.jar:na]
	at com.alibaba.dubbo.remoting.transport.netty.NettyServer.doOpen(NettyServer.java:92) ~[dubbo-2.6.0.jar:2.6.0]
	at com.alibaba.dubbo.remoting.transport.AbstractServer.<init>(AbstractServer.java:63) ~[dubbo-2.6.0.jar:2.6.0]
	... 48 common frames omitted
Caused by: java.net.BindException: Address already in use
	at sun.nio.ch.Net.bind0(Native Method) ~[na:1.8.0_131]
	at sun.nio.ch.Net.bind(Net.java:433) ~[na:1.8.0_131]
	at sun.nio.ch.Net.bind(Net.java:425) ~[na:1.8.0_131]
	at sun.nio.ch.ServerSocketChannelImpl.bind(ServerSocketChannelImpl.java:223) ~[na:1.8.0_131]
	at sun.nio.ch.ServerSocketAdaptor.bind(ServerSocketAdaptor.java:74) ~[na:1.8.0_131]
	at org.jboss.netty.channel.socket.nio.NioServerSocketPipelineSink.bind(NioServerSocketPipelineSink.java:148) ~[netty-3.2.5.Final.jar:na]
	at org.jboss.netty.channel.socket.nio.NioServerSocketPipelineSink.handleServerSocket(NioServerSocketPipelineSink.java:100) ~[netty-3.2.5.Final.jar:na]
	at org.jboss.netty.channel.socket.nio.NioServerSocketPipelineSink.eventSunk(NioServerSocketPipelineSink.java:74) ~[netty-3.2.5.Final.jar:na]
	at org.jboss.netty.channel.Channels.bind(Channels.java:468) ~[netty-3.2.5.Final.jar:na]
	at org.jboss.netty.channel.AbstractChannel.bind(AbstractChannel.java:192) ~[netty-3.2.5.Final.jar:na]
	at org.jboss.netty.bootstrap.ServerBootstrap$Binder.channelOpen(ServerBootstrap.java:348) ~[netty-3.2.5.Final.jar:na]
	at org.jboss.netty.channel.Channels.fireChannelOpen(Channels.java:176) ~[netty-3.2.5.Final.jar:na]
	at org.jboss.netty.channel.socket.nio.NioServerSocketChannel.<init>(NioServerSocketChannel.java:85) ~[netty-3.2.5.Final.jar:na]
	at org.jboss.netty.channel.socket.nio.NioServerSocketChannelFactory.newChannel(NioServerSocketChannelFactory.java:142) ~[netty-3.2.5.Final.jar:na]
	at org.jboss.netty.channel.socket.nio.NioServerSocketChannelFactory.newChannel(NioServerSocketChannelFactory.java:90) ~[netty-3.2.5.Final.jar:na]
	at org.jboss.netty.bootstrap.ServerBootstrap.bind(ServerBootstrap.java:282) ~[netty-3.2.5.Final.jar:na]
	... 50 common frames omitted

2019-11-17 15:43:49.147  INFO 8667 --- [main] c.s.guns.rest.GunsUserApplication        : Starting GunsUserApplication on jiangyuanyuandeMacBook-Pro.local with PID 8667 (/Users/jiangyuanyuan/IdeaProjects/guns/guns-user/target/classes started by jiangyuanyuan in /Users/jiangyuanyuan/IdeaProjects/guns)
2019-11-17 15:43:49.150 DEBUG 8667 --- [main] c.s.guns.rest.GunsUserApplication        : Running with Spring Boot v2.0.1.RELEASE, Spring v5.0.5.RELEASE
2019-11-17 15:43:49.151  INFO 8667 --- [main] c.s.guns.rest.GunsUserApplication        : No active profile set, falling back to default profiles: default
2019-11-17 15:43:49.178  INFO 8667 --- [main] ConfigServletWebServerApplicationContext : Refreshing org.springframework.boot.web.servlet.context.AnnotationConfigServletWebServerApplicationContext@489115ef: startup date [Sun Nov 17 15:43:49 CST 2019]; root of context hierarchy
2019-11-17 15:43:49.645  INFO 8667 --- [main] o.s.b.f.s.DefaultListableBeanFactory     : Overriding bean definition for bean 'error' with a different definition: replacing [Root bean: class [null]; scope=; abstract=false; lazyInit=false; autowireMode=3; dependencyCheck=0; autowireCandidate=true; primary=false; factoryBeanName=org.springframework.boot.autoconfigure.web.servlet.error.ErrorMvcAutoConfiguration$WhitelabelErrorViewConfiguration; factoryMethodName=defaultErrorView; initMethodName=null; destroyMethodName=(inferred); defined in class path resource [org/springframework/boot/autoconfigure/web/servlet/error/ErrorMvcAutoConfiguration$WhitelabelErrorViewConfiguration.class]] with [Root bean: class [null]; scope=; abstract=false; lazyInit=false; autowireMode=3; dependencyCheck=0; autowireCandidate=true; primary=false; factoryBeanName=com.stylefeng.guns.core.config.DefaultWebConfig; factoryMethodName=error; initMethodName=null; destroyMethodName=(inferred); defined in class path resource [com/stylefeng/guns/core/config/DefaultWebConfig.class]]
2019-11-17 15:43:49.646  INFO 8667 --- [main] o.s.b.f.s.DefaultListableBeanFactory     : Overriding bean definition for bean 'dataSource' with a different definition: replacing [Root bean: class [null]; scope=; abstract=false; lazyInit=false; autowireMode=3; dependencyCheck=0; autowireCandidate=true; primary=false; factoryBeanName=org.springframework.boot.autoconfigure.jdbc.DataSourceConfiguration$Hikari; factoryMethodName=dataSource; initMethodName=null; destroyMethodName=(inferred); defined in class path resource [org/springframework/boot/autoconfigure/jdbc/DataSourceConfiguration$Hikari.class]] with [Root bean: class [null]; scope=; abstract=false; lazyInit=false; autowireMode=3; dependencyCheck=0; autowireCandidate=true; primary=false; factoryBeanName=com.stylefeng.guns.core.config.SingleDataSourceConfig; factoryMethodName=dataSource; initMethodName=null; destroyMethodName=(inferred); defined in class path resource [com/stylefeng/guns/core/config/SingleDataSourceConfig.class]]
2019-11-17 15:43:49.646  INFO 8667 --- [main] o.s.b.f.s.DefaultListableBeanFactory     : Overriding bean definition for bean 'paginationInterceptor' with a different definition: replacing [Root bean: class [null]; scope=; abstract=false; lazyInit=false; autowireMode=3; dependencyCheck=0; autowireCandidate=true; primary=false; factoryBeanName=mybatisPlusConfig; factoryMethodName=paginationInterceptor; initMethodName=null; destroyMethodName=(inferred); defined in class path resource [com/stylefeng/guns/rest/config/MybatisPlusConfig.class]] with [Root bean: class [null]; scope=; abstract=false; lazyInit=false; autowireMode=3; dependencyCheck=0; autowireCandidate=true; primary=false; factoryBeanName=com.stylefeng.guns.core.config.SingleDataSourceConfig; factoryMethodName=paginationInterceptor; initMethodName=null; destroyMethodName=(inferred); defined in class path resource [com/stylefeng/guns/core/config/SingleDataSourceConfig.class]]
2019-11-17 15:43:49.649  WARN 8667 --- [main] o.m.s.mapper.ClassPathMapperScanner      : No MyBatis mapper was found in '[com.stylefeng.guns.modular.*.dao]' package. Please check your configuration.
2019-11-17 15:43:50.009  INFO 8667 --- [main] trationDelegate$BeanPostProcessorChecker : Bean 'org.springframework.boot.context.properties.ConversionServiceDeducer$Factory' of type [org.springframework.boot.context.properties.ConversionServiceDeducer$Factory] is not eligible for getting processed by all BeanPostProcessors (for example: not eligible for auto-proxying)
2019-11-17 15:43:50.016  INFO 8667 --- [main] trationDelegate$BeanPostProcessorChecker : Bean 'org.springframework.transaction.annotation.ProxyTransactionManagementConfiguration' of type [org.springframework.transaction.annotation.ProxyTransactionManagementConfiguration$$EnhancerBySpringCGLIB$$2014e8f3] is not eligible for getting processed by all BeanPostProcessors (for example: not eligible for auto-proxying)
2019-11-17 15:43:50.050  INFO 8667 --- [main] trationDelegate$BeanPostProcessorChecker : Bean 'spring.dubbo-com.alibaba.dubbo.spring.boot.DubboProperties' of type [com.alibaba.dubbo.spring.boot.DubboProperties] is not eligible for getting processed by all BeanPostProcessors (for example: not eligible for auto-proxying)
2019-11-17 15:43:50.051  INFO 8667 --- [main] trationDelegate$BeanPostProcessorChecker : Bean 'com.alibaba.dubbo.spring.boot.DubboConsumerAutoConfiguration' of type [com.alibaba.dubbo.spring.boot.DubboConsumerAutoConfiguration$$EnhancerBySpringCGLIB$$5a2f8215] is not eligible for getting processed by all BeanPostProcessors (for example: not eligible for auto-proxying)
2019-11-17 15:43:50.210  INFO 8667 --- [main] o.s.b.w.embedded.tomcat.TomcatWebServer  : Tomcat initialized with port(s): 8083 (http)
2019-11-17 15:43:50.228  INFO 8667 --- [main] o.apache.catalina.core.StandardService   : Starting service [Tomcat]
2019-11-17 15:43:50.229  INFO 8667 --- [main] org.apache.catalina.core.StandardEngine  : Starting Servlet Engine: Apache Tomcat/8.5.29
2019-11-17 15:43:50.233  INFO 8667 --- [localhost-startStop-1] o.a.catalina.core.AprLifecycleListener   : The APR based Apache Tomcat Native library which allows optimal performance in production environments was not found on the java.library.path: [/Users/jiangyuanyuan/Library/Java/Extensions:/Library/Java/Extensions:/Network/Library/Java/Extensions:/System/Library/Java/Extensions:/usr/lib/java:.]
2019-11-17 15:43:50.331  INFO 8667 --- [localhost-startStop-1] o.a.c.c.C.[Tomcat].[localhost].[/]       : Initializing Spring embedded WebApplicationContext
2019-11-17 15:43:50.331  INFO 8667 --- [localhost-startStop-1] o.s.web.context.ContextLoader            : Root WebApplicationContext: initialization completed in 1153 ms
2019-11-17 15:43:50.842  INFO 8667 --- [localhost-startStop-1] o.s.b.w.servlet.ServletRegistrationBean  : Servlet dispatcherServlet mapped to [/]
2019-11-17 15:43:50.845  INFO 8667 --- [localhost-startStop-1] o.s.b.w.servlet.FilterRegistrationBean   : Mapping filter: 'characterEncodingFilter' to: [/*]
2019-11-17 15:43:50.845  INFO 8667 --- [localhost-startStop-1] o.s.b.w.servlet.FilterRegistrationBean   : Mapping filter: 'hiddenHttpMethodFilter' to: [/*]
2019-11-17 15:43:50.845  INFO 8667 --- [localhost-startStop-1] o.s.b.w.servlet.FilterRegistrationBean   : Mapping filter: 'httpPutFormContentFilter' to: [/*]
2019-11-17 15:43:50.845  INFO 8667 --- [localhost-startStop-1] o.s.b.w.servlet.FilterRegistrationBean   : Mapping filter: 'requestContextFilter' to: [/*]
2019-11-17 15:43:50.845  INFO 8667 --- [localhost-startStop-1] o.s.b.w.servlet.FilterRegistrationBean   : Mapping filter: 'httpTraceFilter' to: [/*]
2019-11-17 15:43:50.846  INFO 8667 --- [localhost-startStop-1] o.s.b.w.servlet.FilterRegistrationBean   : Mapping filter: 'webMvcMetricsFilter' to: [/*]
2019-11-17 15:43:53.236  INFO 8667 --- [main] com.alibaba.druid.pool.DruidDataSource   : {dataSource-1} inited
2019-11-17 15:43:53.620  INFO 8667 --- [main] s.w.s.m.m.a.RequestMappingHandlerAdapter : Looking for @ControllerAdvice: org.springframework.boot.web.servlet.context.AnnotationConfigServletWebServerApplicationContext@489115ef: startup date [Sun Nov 17 15:43:49 CST 2019]; root of context hierarchy
2019-11-17 15:43:53.683  INFO 8667 --- [main] o.s.w.s.handler.SimpleUrlHandlerMapping  : Mapped URL path [/**/favicon.ico] onto handler of type [class org.springframework.web.servlet.resource.ResourceHttpRequestHandler]
2019-11-17 15:43:53.707  INFO 8667 --- [main] s.w.s.m.m.a.RequestMappingHandlerMapping : Mapped "{[/auth]}" onto public org.springframework.http.ResponseEntity<?> com.stylefeng.guns.rest.modular.auth.controller.AuthController.createAuthenticationToken(com.stylefeng.guns.rest.modular.auth.controller.dto.AuthRequest)
2019-11-17 15:43:53.708  INFO 8667 --- [main] s.w.s.m.m.a.RequestMappingHandlerMapping : Mapped "{[/hello]}" onto public org.springframework.http.ResponseEntity com.stylefeng.guns.rest.modular.example.ExampleController.hello(com.stylefeng.guns.rest.common.SimpleObject)
2019-11-17 15:43:53.709  INFO 8667 --- [main] s.w.s.m.m.a.RequestMappingHandlerMapping : Mapped "{[/global/error]}" onto public java.lang.String com.stylefeng.guns.core.base.controller.GlobalController.errorPage()
2019-11-17 15:43:53.709  INFO 8667 --- [main] s.w.s.m.m.a.RequestMappingHandlerMapping : Mapped "{[/global/sessionError]}" onto public java.lang.String com.stylefeng.guns.core.base.controller.GlobalController.errorPageInfo(org.springframework.ui.Model)
2019-11-17 15:43:53.710  INFO 8667 --- [main] s.w.s.m.m.a.RequestMappingHandlerMapping : Mapped "{[/error]}" onto public org.springframework.http.ResponseEntity<java.util.Map<java.lang.String, java.lang.Object>> org.springframework.boot.autoconfigure.web.servlet.error.BasicErrorController.error(javax.servlet.http.HttpServletRequest)
2019-11-17 15:43:53.711  INFO 8667 --- [main] s.w.s.m.m.a.RequestMappingHandlerMapping : Mapped "{[/error],produces=[text/html]}" onto public org.springframework.web.servlet.ModelAndView org.springframework.boot.autoconfigure.web.servlet.error.BasicErrorController.errorHtml(javax.servlet.http.HttpServletRequest,javax.servlet.http.HttpServletResponse)
2019-11-17 15:43:53.735  INFO 8667 --- [main] o.s.w.s.handler.SimpleUrlHandlerMapping  : Mapped URL path [/webjars/**] onto handler of type [class org.springframework.web.servlet.resource.ResourceHttpRequestHandler]
2019-11-17 15:43:53.735  INFO 8667 --- [main] o.s.w.s.handler.SimpleUrlHandlerMapping  : Mapped URL path [/**] onto handler of type [class org.springframework.web.servlet.resource.ResourceHttpRequestHandler]
2019-11-17 15:43:53.748  INFO 8667 --- [main] .m.m.a.ExceptionHandlerExceptionResolver : Detected @ExceptionHandler methods in globalExceptionHandler
2019-11-17 15:44:04.053  WARN 8667 --- [main] ConfigServletWebServerApplicationContext : Exception encountered during context initialization - cancelling refresh attempt: org.springframework.beans.factory.BeanCreationException: Error creating bean with name 'com.alibaba.dubbo.spring.boot.DubboProviderAutoConfiguration': Invocation of init method failed; nested exception is com.alibaba.dubbo.rpc.RpcException: Fail to start server(url: dubbo://192.168.2.122:20881/com.stylefeng.guns.api.user.UserAPI?anyhost=true&application=user&bind.ip=192.168.2.122&bind.port=20881&channel.readonly.sent=true&codec=dubbo&dubbo=2.6.0&generic=false&heartbeat=60000&interface=com.stylefeng.guns.api.user.UserAPI&methods=updateUserInfo,checkUsername,getUserInfo,login,register&pid=8667&revision=1.0.1&side=provider&timestamp=1573976638912) Failed to bind NettyServer on /192.168.2.122:20881, cause: Failed to bind to: /0.0.0.0:20881
2019-11-17 15:44:04.058  INFO 8667 --- [main] com.alibaba.druid.pool.DruidDataSource   : {dataSource-1} closed
2019-11-17 15:44:04.061  INFO 8667 --- [main] o.apache.catalina.core.StandardService   : Stopping service [Tomcat]
2019-11-17 15:44:04.073  INFO 8667 --- [main] ConditionEvaluationReportLoggingListener : 

Error starting ApplicationContext. To display the conditions report re-run your application with 'debug' enabled.
2019-11-17 15:44:04.084 ERROR 8667 --- [main] o.s.boot.SpringApplication               : Application run failed

org.springframework.beans.factory.BeanCreationException: Error creating bean with name 'com.alibaba.dubbo.spring.boot.DubboProviderAutoConfiguration': Invocation of init method failed; nested exception is com.alibaba.dubbo.rpc.RpcException: Fail to start server(url: dubbo://192.168.2.122:20881/com.stylefeng.guns.api.user.UserAPI?anyhost=true&application=user&bind.ip=192.168.2.122&bind.port=20881&channel.readonly.sent=true&codec=dubbo&dubbo=2.6.0&generic=false&heartbeat=60000&interface=com.stylefeng.guns.api.user.UserAPI&methods=updateUserInfo,checkUsername,getUserInfo,login,register&pid=8667&revision=1.0.1&side=provider&timestamp=1573976638912) Failed to bind NettyServer on /192.168.2.122:20881, cause: Failed to bind to: /0.0.0.0:20881
	at org.springframework.beans.factory.annotation.InitDestroyAnnotationBeanPostProcessor.postProcessBeforeInitialization(InitDestroyAnnotationBeanPostProcessor.java:138) ~[spring-beans-5.0.5.RELEASE.jar:5.0.5.RELEASE]
	at org.springframework.beans.factory.support.AbstractAutowireCapableBeanFactory.applyBeanPostProcessorsBeforeInitialization(AbstractAutowireCapableBeanFactory.java:422) ~[spring-beans-5.0.5.RELEASE.jar:5.0.5.RELEASE]
	at org.springframework.beans.factory.support.AbstractAutowireCapableBeanFactory.initializeBean(AbstractAutowireCapableBeanFactory.java:1694) ~[spring-beans-5.0.5.RELEASE.jar:5.0.5.RELEASE]
	at org.springframework.beans.factory.support.AbstractAutowireCapableBeanFactory.doCreateBean(AbstractAutowireCapableBeanFactory.java:579) ~[spring-beans-5.0.5.RELEASE.jar:5.0.5.RELEASE]
	at org.springframework.beans.factory.support.AbstractAutowireCapableBeanFactory.createBean(AbstractAutowireCapableBeanFactory.java:501) ~[spring-beans-5.0.5.RELEASE.jar:5.0.5.RELEASE]
	at org.springframework.beans.factory.support.AbstractBeanFactory.lambda$doGetBean$0(AbstractBeanFactory.java:317) ~[spring-beans-5.0.5.RELEASE.jar:5.0.5.RELEASE]
	at org.springframework.beans.factory.support.DefaultSingletonBeanRegistry.getSingleton(DefaultSingletonBeanRegistry.java:228) ~[spring-beans-5.0.5.RELEASE.jar:5.0.5.RELEASE]
	at org.springframework.beans.factory.support.AbstractBeanFactory.doGetBean(AbstractBeanFactory.java:315) ~[spring-beans-5.0.5.RELEASE.jar:5.0.5.RELEASE]
	at org.springframework.beans.factory.support.AbstractBeanFactory.getBean(AbstractBeanFactory.java:199) ~[spring-beans-5.0.5.RELEASE.jar:5.0.5.RELEASE]
	at org.springframework.beans.factory.support.DefaultListableBeanFactory.preInstantiateSingletons(DefaultListableBeanFactory.java:760) ~[spring-beans-5.0.5.RELEASE.jar:5.0.5.RELEASE]
	at org.springframework.context.support.AbstractApplicationContext.finishBeanFactoryInitialization(AbstractApplicationContext.java:869) ~[spring-context-5.0.5.RELEASE.jar:5.0.5.RELEASE]
	at org.springframework.context.support.AbstractApplicationContext.refresh(AbstractApplicationContext.java:550) ~[spring-context-5.0.5.RELEASE.jar:5.0.5.RELEASE]
	at org.springframework.boot.web.servlet.context.ServletWebServerApplicationContext.refresh(ServletWebServerApplicationContext.java:140) ~[spring-boot-2.0.1.RELEASE.jar:2.0.1.RELEASE]
	at org.springframework.boot.SpringApplication.refresh(SpringApplication.java:759) [spring-boot-2.0.1.RELEASE.jar:2.0.1.RELEASE]
	at org.springframework.boot.SpringApplication.refreshContext(SpringApplication.java:395) [spring-boot-2.0.1.RELEASE.jar:2.0.1.RELEASE]
	at org.springframework.boot.SpringApplication.run(SpringApplication.java:327) [spring-boot-2.0.1.RELEASE.jar:2.0.1.RELEASE]
	at org.springframework.boot.SpringApplication.run(SpringApplication.java:1255) [spring-boot-2.0.1.RELEASE.jar:2.0.1.RELEASE]
	at org.springframework.boot.SpringApplication.run(SpringApplication.java:1243) [spring-boot-2.0.1.RELEASE.jar:2.0.1.RELEASE]
	at com.stylefeng.guns.rest.GunsUserApplication.main(GunsUserApplication.java:12) [classes/:na]
Caused by: com.alibaba.dubbo.rpc.RpcException: Fail to start server(url: dubbo://192.168.2.122:20881/com.stylefeng.guns.api.user.UserAPI?anyhost=true&application=user&bind.ip=192.168.2.122&bind.port=20881&channel.readonly.sent=true&codec=dubbo&dubbo=2.6.0&generic=false&heartbeat=60000&interface=com.stylefeng.guns.api.user.UserAPI&methods=updateUserInfo,checkUsername,getUserInfo,login,register&pid=8667&revision=1.0.1&side=provider&timestamp=1573976638912) Failed to bind NettyServer on /192.168.2.122:20881, cause: Failed to bind to: /0.0.0.0:20881
	at com.alibaba.dubbo.rpc.protocol.dubbo.DubboProtocol.createServer(DubboProtocol.java:277) ~[dubbo-2.6.0.jar:2.6.0]
	at com.alibaba.dubbo.rpc.protocol.dubbo.DubboProtocol.openServer(DubboProtocol.java:254) ~[dubbo-2.6.0.jar:2.6.0]
	at com.alibaba.dubbo.rpc.protocol.dubbo.DubboProtocol.export(DubboProtocol.java:241) ~[dubbo-2.6.0.jar:2.6.0]
	at com.alibaba.dubbo.rpc.protocol.ProtocolListenerWrapper.export(ProtocolListenerWrapper.java:68) ~[dubbo-2.6.0.jar:2.6.0]
	at com.alibaba.dubbo.rpc.protocol.ProtocolFilterWrapper.export(ProtocolFilterWrapper.java:93) ~[dubbo-2.6.0.jar:2.6.0]
	at com.alibaba.dubbo.rpc.Protocol$Adaptive.export(Protocol$Adaptive.java) ~[dubbo-2.6.0.jar:2.6.0]
	at com.alibaba.dubbo.registry.integration.RegistryProtocol.doLocalExport(RegistryProtocol.java:181) ~[dubbo-2.6.0.jar:2.6.0]
	at com.alibaba.dubbo.registry.integration.RegistryProtocol.export(RegistryProtocol.java:121) ~[dubbo-2.6.0.jar:2.6.0]
	at com.alibaba.dubbo.rpc.protocol.ProtocolListenerWrapper.export(ProtocolListenerWrapper.java:66) ~[dubbo-2.6.0.jar:2.6.0]
	at com.alibaba.dubbo.rpc.protocol.ProtocolFilterWrapper.export(ProtocolFilterWrapper.java:91) ~[dubbo-2.6.0.jar:2.6.0]
	at com.alibaba.dubbo.rpc.Protocol$Adaptive.export(Protocol$Adaptive.java) ~[dubbo-2.6.0.jar:2.6.0]
	at com.alibaba.dubbo.config.ServiceConfig.doExportUrlsFor1Protocol(ServiceConfig.java:505) ~[dubbo-2.6.0.jar:2.6.0]
	at com.alibaba.dubbo.config.ServiceConfig.doExportUrls(ServiceConfig.java:357) ~[dubbo-2.6.0.jar:2.6.0]
	at com.alibaba.dubbo.config.ServiceConfig.doExport(ServiceConfig.java:316) ~[dubbo-2.6.0.jar:2.6.0]
	at com.alibaba.dubbo.config.ServiceConfig.export(ServiceConfig.java:215) ~[dubbo-2.6.0.jar:2.6.0]
	at com.alibaba.dubbo.spring.boot.DubboProviderAutoConfiguration.initProviderBean(DubboProviderAutoConfiguration.java:84) ~[dubbo-spring-boot-starter-2.0.0.jar:na]
	at com.alibaba.dubbo.spring.boot.DubboProviderAutoConfiguration.init(DubboProviderAutoConfiguration.java:45) ~[dubbo-spring-boot-starter-2.0.0.jar:na]
	at sun.reflect.NativeMethodAccessorImpl.invoke0(Native Method) ~[na:1.8.0_131]
	at sun.reflect.NativeMethodAccessorImpl.invoke(NativeMethodAccessorImpl.java:62) ~[na:1.8.0_131]
	at sun.reflect.DelegatingMethodAccessorImpl.invoke(DelegatingMethodAccessorImpl.java:43) ~[na:1.8.0_131]
	at java.lang.reflect.Method.invoke(Method.java:498) ~[na:1.8.0_131]
	at org.springframework.beans.factory.annotation.InitDestroyAnnotationBeanPostProcessor$LifecycleElement.invoke(InitDestroyAnnotationBeanPostProcessor.java:365) ~[spring-beans-5.0.5.RELEASE.jar:5.0.5.RELEASE]
	at org.springframework.beans.factory.annotation.InitDestroyAnnotationBeanPostProcessor$LifecycleMetadata.invokeInitMethods(InitDestroyAnnotationBeanPostProcessor.java:308) ~[spring-beans-5.0.5.RELEASE.jar:5.0.5.RELEASE]
	at org.springframework.beans.factory.annotation.InitDestroyAnnotationBeanPostProcessor.postProcessBeforeInitialization(InitDestroyAnnotationBeanPostProcessor.java:135) ~[spring-beans-5.0.5.RELEASE.jar:5.0.5.RELEASE]
	... 18 common frames omitted
Caused by: com.alibaba.dubbo.remoting.RemotingException: Failed to bind NettyServer on /192.168.2.122:20881, cause: Failed to bind to: /0.0.0.0:20881
	at com.alibaba.dubbo.remoting.transport.AbstractServer.<init>(AbstractServer.java:68) ~[dubbo-2.6.0.jar:2.6.0]
	at com.alibaba.dubbo.remoting.transport.netty.NettyServer.<init>(NettyServer.java:61) ~[dubbo-2.6.0.jar:2.6.0]
	at com.alibaba.dubbo.remoting.transport.netty.NettyTransporter.bind(NettyTransporter.java:31) ~[dubbo-2.6.0.jar:2.6.0]
	at com.alibaba.dubbo.remoting.Transporter$Adaptive.bind(Transporter$Adaptive.java) ~[dubbo-2.6.0.jar:2.6.0]
	at com.alibaba.dubbo.remoting.Transporters.bind(Transporters.java:56) ~[dubbo-2.6.0.jar:2.6.0]
	at com.alibaba.dubbo.remoting.exchange.support.header.HeaderExchanger.bind(HeaderExchanger.java:42) ~[dubbo-2.6.0.jar:2.6.0]
	at com.alibaba.dubbo.remoting.exchange.Exchangers.bind(Exchangers.java:70) ~[dubbo-2.6.0.jar:2.6.0]
	at com.alibaba.dubbo.rpc.protocol.dubbo.DubboProtocol.createServer(DubboProtocol.java:275) ~[dubbo-2.6.0.jar:2.6.0]
	... 41 common frames omitted
Caused by: org.jboss.netty.channel.ChannelException: Failed to bind to: /0.0.0.0:20881
	at org.jboss.netty.bootstrap.ServerBootstrap.bind(ServerBootstrap.java:303) ~[netty-3.2.5.Final.jar:na]
	at com.alibaba.dubbo.remoting.transport.netty.NettyServer.doOpen(NettyServer.java:92) ~[dubbo-2.6.0.jar:2.6.0]
	at com.alibaba.dubbo.remoting.transport.AbstractServer.<init>(AbstractServer.java:63) ~[dubbo-2.6.0.jar:2.6.0]
	... 48 common frames omitted
Caused by: java.net.BindException: Address already in use
	at sun.nio.ch.Net.bind0(Native Method) ~[na:1.8.0_131]
	at sun.nio.ch.Net.bind(Net.java:433) ~[na:1.8.0_131]
	at sun.nio.ch.Net.bind(Net.java:425) ~[na:1.8.0_131]
	at sun.nio.ch.ServerSocketChannelImpl.bind(ServerSocketChannelImpl.java:223) ~[na:1.8.0_131]
	at sun.nio.ch.ServerSocketAdaptor.bind(ServerSocketAdaptor.java:74) ~[na:1.8.0_131]
	at org.jboss.netty.channel.socket.nio.NioServerSocketPipelineSink.bind(NioServerSocketPipelineSink.java:148) ~[netty-3.2.5.Final.jar:na]
	at org.jboss.netty.channel.socket.nio.NioServerSocketPipelineSink.handleServerSocket(NioServerSocketPipelineSink.java:100) ~[netty-3.2.5.Final.jar:na]
	at org.jboss.netty.channel.socket.nio.NioServerSocketPipelineSink.eventSunk(NioServerSocketPipelineSink.java:74) ~[netty-3.2.5.Final.jar:na]
	at org.jboss.netty.channel.Channels.bind(Channels.java:468) ~[netty-3.2.5.Final.jar:na]
	at org.jboss.netty.channel.AbstractChannel.bind(AbstractChannel.java:192) ~[netty-3.2.5.Final.jar:na]
	at org.jboss.netty.bootstrap.ServerBootstrap$Binder.channelOpen(ServerBootstrap.java:348) ~[netty-3.2.5.Final.jar:na]
	at org.jboss.netty.channel.Channels.fireChannelOpen(Channels.java:176) ~[netty-3.2.5.Final.jar:na]
	at org.jboss.netty.channel.socket.nio.NioServerSocketChannel.<init>(NioServerSocketChannel.java:85) ~[netty-3.2.5.Final.jar:na]
	at org.jboss.netty.channel.socket.nio.NioServerSocketChannelFactory.newChannel(NioServerSocketChannelFactory.java:142) ~[netty-3.2.5.Final.jar:na]
	at org.jboss.netty.channel.socket.nio.NioServerSocketChannelFactory.newChannel(NioServerSocketChannelFactory.java:90) ~[netty-3.2.5.Final.jar:na]
	at org.jboss.netty.bootstrap.ServerBootstrap.bind(ServerBootstrap.java:282) ~[netty-3.2.5.Final.jar:na]
	... 50 common frames omitted

2019-11-17 15:50:28.083  INFO 8705 --- [main] c.s.guns.rest.GunsUserApplication        : Starting GunsUserApplication on jiangyuanyuandeMacBook-Pro.local with PID 8705 (/Users/jiangyuanyuan/IdeaProjects/guns/guns-user/target/classes started by jiangyuanyuan in /Users/jiangyuanyuan/IdeaProjects/guns)
2019-11-17 15:50:28.087 DEBUG 8705 --- [main] c.s.guns.rest.GunsUserApplication        : Running with Spring Boot v2.0.1.RELEASE, Spring v5.0.5.RELEASE
2019-11-17 15:50:28.088  INFO 8705 --- [main] c.s.guns.rest.GunsUserApplication        : No active profile set, falling back to default profiles: default
2019-11-17 15:50:28.116  INFO 8705 --- [main] ConfigServletWebServerApplicationContext : Refreshing org.springframework.boot.web.servlet.context.AnnotationConfigServletWebServerApplicationContext@1a677343: startup date [Sun Nov 17 15:50:28 CST 2019]; root of context hierarchy
2019-11-17 15:50:28.585  INFO 8705 --- [main] o.s.b.f.s.DefaultListableBeanFactory     : Overriding bean definition for bean 'error' with a different definition: replacing [Root bean: class [null]; scope=; abstract=false; lazyInit=false; autowireMode=3; dependencyCheck=0; autowireCandidate=true; primary=false; factoryBeanName=org.springframework.boot.autoconfigure.web.servlet.error.ErrorMvcAutoConfiguration$WhitelabelErrorViewConfiguration; factoryMethodName=defaultErrorView; initMethodName=null; destroyMethodName=(inferred); defined in class path resource [org/springframework/boot/autoconfigure/web/servlet/error/ErrorMvcAutoConfiguration$WhitelabelErrorViewConfiguration.class]] with [Root bean: class [null]; scope=; abstract=false; lazyInit=false; autowireMode=3; dependencyCheck=0; autowireCandidate=true; primary=false; factoryBeanName=com.stylefeng.guns.core.config.DefaultWebConfig; factoryMethodName=error; initMethodName=null; destroyMethodName=(inferred); defined in class path resource [com/stylefeng/guns/core/config/DefaultWebConfig.class]]
2019-11-17 15:50:28.586  INFO 8705 --- [main] o.s.b.f.s.DefaultListableBeanFactory     : Overriding bean definition for bean 'dataSource' with a different definition: replacing [Root bean: class [null]; scope=; abstract=false; lazyInit=false; autowireMode=3; dependencyCheck=0; autowireCandidate=true; primary=false; factoryBeanName=org.springframework.boot.autoconfigure.jdbc.DataSourceConfiguration$Hikari; factoryMethodName=dataSource; initMethodName=null; destroyMethodName=(inferred); defined in class path resource [org/springframework/boot/autoconfigure/jdbc/DataSourceConfiguration$Hikari.class]] with [Root bean: class [null]; scope=; abstract=false; lazyInit=false; autowireMode=3; dependencyCheck=0; autowireCandidate=true; primary=false; factoryBeanName=com.stylefeng.guns.core.config.SingleDataSourceConfig; factoryMethodName=dataSource; initMethodName=null; destroyMethodName=(inferred); defined in class path resource [com/stylefeng/guns/core/config/SingleDataSourceConfig.class]]
2019-11-17 15:50:28.586  INFO 8705 --- [main] o.s.b.f.s.DefaultListableBeanFactory     : Overriding bean definition for bean 'paginationInterceptor' with a different definition: replacing [Root bean: class [null]; scope=; abstract=false; lazyInit=false; autowireMode=3; dependencyCheck=0; autowireCandidate=true; primary=false; factoryBeanName=mybatisPlusConfig; factoryMethodName=paginationInterceptor; initMethodName=null; destroyMethodName=(inferred); defined in class path resource [com/stylefeng/guns/rest/config/MybatisPlusConfig.class]] with [Root bean: class [null]; scope=; abstract=false; lazyInit=false; autowireMode=3; dependencyCheck=0; autowireCandidate=true; primary=false; factoryBeanName=com.stylefeng.guns.core.config.SingleDataSourceConfig; factoryMethodName=paginationInterceptor; initMethodName=null; destroyMethodName=(inferred); defined in class path resource [com/stylefeng/guns/core/config/SingleDataSourceConfig.class]]
2019-11-17 15:50:28.588  WARN 8705 --- [main] o.m.s.mapper.ClassPathMapperScanner      : No MyBatis mapper was found in '[com.stylefeng.guns.modular.*.dao]' package. Please check your configuration.
2019-11-17 15:50:28.918  INFO 8705 --- [main] trationDelegate$BeanPostProcessorChecker : Bean 'org.springframework.boot.context.properties.ConversionServiceDeducer$Factory' of type [org.springframework.boot.context.properties.ConversionServiceDeducer$Factory] is not eligible for getting processed by all BeanPostProcessors (for example: not eligible for auto-proxying)
2019-11-17 15:50:28.923  INFO 8705 --- [main] trationDelegate$BeanPostProcessorChecker : Bean 'org.springframework.transaction.annotation.ProxyTransactionManagementConfiguration' of type [org.springframework.transaction.annotation.ProxyTransactionManagementConfiguration$$EnhancerBySpringCGLIB$$e730fb07] is not eligible for getting processed by all BeanPostProcessors (for example: not eligible for auto-proxying)
2019-11-17 15:50:28.955  INFO 8705 --- [main] trationDelegate$BeanPostProcessorChecker : Bean 'spring.dubbo-com.alibaba.dubbo.spring.boot.DubboProperties' of type [com.alibaba.dubbo.spring.boot.DubboProperties] is not eligible for getting processed by all BeanPostProcessors (for example: not eligible for auto-proxying)
2019-11-17 15:50:28.956  INFO 8705 --- [main] trationDelegate$BeanPostProcessorChecker : Bean 'com.alibaba.dubbo.spring.boot.DubboConsumerAutoConfiguration' of type [com.alibaba.dubbo.spring.boot.DubboConsumerAutoConfiguration$$EnhancerBySpringCGLIB$$214b9429] is not eligible for getting processed by all BeanPostProcessors (for example: not eligible for auto-proxying)
2019-11-17 15:50:29.109  INFO 8705 --- [main] o.s.b.w.embedded.tomcat.TomcatWebServer  : Tomcat initialized with port(s): 8083 (http)
2019-11-17 15:50:29.124  INFO 8705 --- [main] o.apache.catalina.core.StandardService   : Starting service [Tomcat]
2019-11-17 15:50:29.124  INFO 8705 --- [main] org.apache.catalina.core.StandardEngine  : Starting Servlet Engine: Apache Tomcat/8.5.29
2019-11-17 15:50:29.128  INFO 8705 --- [localhost-startStop-1] o.a.catalina.core.AprLifecycleListener   : The APR based Apache Tomcat Native library which allows optimal performance in production environments was not found on the java.library.path: [/Users/jiangyuanyuan/Library/Java/Extensions:/Library/Java/Extensions:/Network/Library/Java/Extensions:/System/Library/Java/Extensions:/usr/lib/java:.]
2019-11-17 15:50:29.204  INFO 8705 --- [localhost-startStop-1] o.a.c.c.C.[Tomcat].[localhost].[/]       : Initializing Spring embedded WebApplicationContext
2019-11-17 15:50:29.205  INFO 8705 --- [localhost-startStop-1] o.s.web.context.ContextLoader            : Root WebApplicationContext: initialization completed in 1089 ms
2019-11-17 15:50:29.697  INFO 8705 --- [localhost-startStop-1] o.s.b.w.servlet.ServletRegistrationBean  : Servlet dispatcherServlet mapped to [/]
2019-11-17 15:50:29.700  INFO 8705 --- [localhost-startStop-1] o.s.b.w.servlet.FilterRegistrationBean   : Mapping filter: 'characterEncodingFilter' to: [/*]
2019-11-17 15:50:29.700  INFO 8705 --- [localhost-startStop-1] o.s.b.w.servlet.FilterRegistrationBean   : Mapping filter: 'hiddenHttpMethodFilter' to: [/*]
2019-11-17 15:50:29.700  INFO 8705 --- [localhost-startStop-1] o.s.b.w.servlet.FilterRegistrationBean   : Mapping filter: 'httpPutFormContentFilter' to: [/*]
2019-11-17 15:50:29.701  INFO 8705 --- [localhost-startStop-1] o.s.b.w.servlet.FilterRegistrationBean   : Mapping filter: 'requestContextFilter' to: [/*]
2019-11-17 15:50:29.701  INFO 8705 --- [localhost-startStop-1] o.s.b.w.servlet.FilterRegistrationBean   : Mapping filter: 'httpTraceFilter' to: [/*]
2019-11-17 15:50:29.701  INFO 8705 --- [localhost-startStop-1] o.s.b.w.servlet.FilterRegistrationBean   : Mapping filter: 'webMvcMetricsFilter' to: [/*]
2019-11-17 15:50:31.119  INFO 8705 --- [main] com.alibaba.druid.pool.DruidDataSource   : {dataSource-1} inited
2019-11-17 15:50:31.484  INFO 8705 --- [main] s.w.s.m.m.a.RequestMappingHandlerAdapter : Looking for @ControllerAdvice: org.springframework.boot.web.servlet.context.AnnotationConfigServletWebServerApplicationContext@1a677343: startup date [Sun Nov 17 15:50:28 CST 2019]; root of context hierarchy
2019-11-17 15:50:31.539  INFO 8705 --- [main] o.s.w.s.handler.SimpleUrlHandlerMapping  : Mapped URL path [/**/favicon.ico] onto handler of type [class org.springframework.web.servlet.resource.ResourceHttpRequestHandler]
2019-11-17 15:50:31.562  INFO 8705 --- [main] s.w.s.m.m.a.RequestMappingHandlerMapping : Mapped "{[/auth]}" onto public org.springframework.http.ResponseEntity<?> com.stylefeng.guns.rest.modular.auth.controller.AuthController.createAuthenticationToken(com.stylefeng.guns.rest.modular.auth.controller.dto.AuthRequest)
2019-11-17 15:50:31.563  INFO 8705 --- [main] s.w.s.m.m.a.RequestMappingHandlerMapping : Mapped "{[/hello]}" onto public org.springframework.http.ResponseEntity com.stylefeng.guns.rest.modular.example.ExampleController.hello(com.stylefeng.guns.rest.common.SimpleObject)
2019-11-17 15:50:31.564  INFO 8705 --- [main] s.w.s.m.m.a.RequestMappingHandlerMapping : Mapped "{[/global/error]}" onto public java.lang.String com.stylefeng.guns.core.base.controller.GlobalController.errorPage()
2019-11-17 15:50:31.564  INFO 8705 --- [main] s.w.s.m.m.a.RequestMappingHandlerMapping : Mapped "{[/global/sessionError]}" onto public java.lang.String com.stylefeng.guns.core.base.controller.GlobalController.errorPageInfo(org.springframework.ui.Model)
2019-11-17 15:50:31.565  INFO 8705 --- [main] s.w.s.m.m.a.RequestMappingHandlerMapping : Mapped "{[/error]}" onto public org.springframework.http.ResponseEntity<java.util.Map<java.lang.String, java.lang.Object>> org.springframework.boot.autoconfigure.web.servlet.error.BasicErrorController.error(javax.servlet.http.HttpServletRequest)
2019-11-17 15:50:31.566  INFO 8705 --- [main] s.w.s.m.m.a.RequestMappingHandlerMapping : Mapped "{[/error],produces=[text/html]}" onto public org.springframework.web.servlet.ModelAndView org.springframework.boot.autoconfigure.web.servlet.error.BasicErrorController.errorHtml(javax.servlet.http.HttpServletRequest,javax.servlet.http.HttpServletResponse)
2019-11-17 15:50:31.588  INFO 8705 --- [main] o.s.w.s.handler.SimpleUrlHandlerMapping  : Mapped URL path [/webjars/**] onto handler of type [class org.springframework.web.servlet.resource.ResourceHttpRequestHandler]
2019-11-17 15:50:31.589  INFO 8705 --- [main] o.s.w.s.handler.SimpleUrlHandlerMapping  : Mapped URL path [/**] onto handler of type [class org.springframework.web.servlet.resource.ResourceHttpRequestHandler]
2019-11-17 15:50:31.602  INFO 8705 --- [main] .m.m.a.ExceptionHandlerExceptionResolver : Detected @ExceptionHandler methods in globalExceptionHandler
2019-11-17 15:50:41.926  INFO 8705 --- [ZkClient-EventThread-92-122.51.6.138:2181] org.I0Itec.zkclient.ZkEventThread        : Starting ZkClient event thread.
2019-11-17 15:50:46.933  INFO 8705 --- [DubboZkclientConnector] org.apache.zookeeper.ZooKeeper           : Client environment:zookeeper.version=3.4.8--1, built on 02/06/2016 03:18 GMT
2019-11-17 15:50:46.933  INFO 8705 --- [DubboZkclientConnector] org.apache.zookeeper.ZooKeeper           : Client environment:host.name=192.168.2.122
2019-11-17 15:50:46.933  INFO 8705 --- [DubboZkclientConnector] org.apache.zookeeper.ZooKeeper           : Client environment:java.version=1.8.0_131
2019-11-17 15:50:46.933  INFO 8705 --- [DubboZkclientConnector] org.apache.zookeeper.ZooKeeper           : Client environment:java.vendor=Oracle Corporation
2019-11-17 15:50:46.934  INFO 8705 --- [DubboZkclientConnector] org.apache.zookeeper.ZooKeeper           : Client environment:java.home=/Library/Java/JavaVirtualMachines/jdk1.8.0_131.jdk/Contents/Home/jre
2019-11-17 15:50:46.934  INFO 8705 --- [DubboZkclientConnector] org.apache.zookeeper.ZooKeeper           : Client environment:java.class.path=/Library/Java/JavaVirtualMachines/jdk1.8.0_131.jdk/Contents/Home/jre/lib/charsets.jar:/Library/Java/JavaVirtualMachines/jdk1.8.0_131.jdk/Contents/Home/jre/lib/deploy.jar:/Library/Java/JavaVirtualMachines/jdk1.8.0_131.jdk/Contents/Home/jre/lib/ext/cldrdata.jar:/Library/Java/JavaVirtualMachines/jdk1.8.0_131.jdk/Contents/Home/jre/lib/ext/dnsns.jar:/Library/Java/JavaVirtualMachines/jdk1.8.0_131.jdk/Contents/Home/jre/lib/ext/jaccess.jar:/Library/Java/JavaVirtualMachines/jdk1.8.0_131.jdk/Contents/Home/jre/lib/ext/jfxrt.jar:/Library/Java/JavaVirtualMachines/jdk1.8.0_131.jdk/Contents/Home/jre/lib/ext/localedata.jar:/Library/Java/JavaVirtualMachines/jdk1.8.0_131.jdk/Contents/Home/jre/lib/ext/nashorn.jar:/Library/Java/JavaVirtualMachines/jdk1.8.0_131.jdk/Contents/Home/jre/lib/ext/sunec.jar:/Library/Java/JavaVirtualMachines/jdk1.8.0_131.jdk/Contents/Home/jre/lib/ext/sunjce_provider.jar:/Library/Java/JavaVirtualMachines/jdk1.8.0_131.jdk/Contents/Home/jre/lib/ext/sunpkcs11.jar:/Library/Java/JavaVirtualMachines/jdk1.8.0_131.jdk/Contents/Home/jre/lib/ext/zipfs.jar:/Library/Java/JavaVirtualMachines/jdk1.8.0_131.jdk/Contents/Home/jre/lib/javaws.jar:/Library/Java/JavaVirtualMachines/jdk1.8.0_131.jdk/Contents/Home/jre/lib/jce.jar:/Library/Java/JavaVirtualMachines/jdk1.8.0_131.jdk/Contents/Home/jre/lib/jfr.jar:/Library/Java/JavaVirtualMachines/jdk1.8.0_131.jdk/Contents/Home/jre/lib/jfxswt.jar:/Library/Java/JavaVirtualMachines/jdk1.8.0_131.jdk/Contents/Home/jre/lib/jsse.jar:/Library/Java/JavaVirtualMachines/jdk1.8.0_131.jdk/Contents/Home/jre/lib/management-agent.jar:/Library/Java/JavaVirtualMachines/jdk1.8.0_131.jdk/Contents/Home/jre/lib/plugin.jar:/Library/Java/JavaVirtualMachines/jdk1.8.0_131.jdk/Contents/Home/jre/lib/resources.jar:/Library/Java/JavaVirtualMachines/jdk1.8.0_131.jdk/Contents/Home/jre/lib/rt.jar:/Library/Java/JavaVirtualMachines/jdk1.8.0_131.jdk/Contents/Home/lib/ant-javafx.jar:/Library/Java/JavaVirtualMachines/jdk1.8.0_131.jdk/Contents/Home/lib/dt.jar:/Library/Java/JavaVirtualMachines/jdk1.8.0_131.jdk/Contents/Home/lib/javafx-mx.jar:/Library/Java/JavaVirtualMachines/jdk1.8.0_131.jdk/Contents/Home/lib/jconsole.jar:/Library/Java/JavaVirtualMachines/jdk1.8.0_131.jdk/Contents/Home/lib/packager.jar:/Library/Java/JavaVirtualMachines/jdk1.8.0_131.jdk/Contents/Home/lib/sa-jdi.jar:/Library/Java/JavaVirtualMachines/jdk1.8.0_131.jdk/Contents/Home/lib/tools.jar:/Users/jiangyuanyuan/IdeaProjects/guns/guns-user/target/classes:/Users/jiangyuanyuan/.m2/repository/org/springframework/boot/spring-boot-starter-web/2.0.1.RELEASE/spring-boot-starter-web-2.0.1.RELEASE.jar:/Users/jiangyuanyuan/.m2/repository/org/springframework/boot/spring-boot-starter/2.0.1.RELEASE/spring-boot-starter-2.0.1.RELEASE.jar:/Users/jiangyuanyuan/.m2/repository/org/springframework/boot/spring-boot/2.0.1.RELEASE/spring-boot-2.0.1.RELEASE.jar:/Users/jiangyuanyuan/.m2/repository/org/springframework/boot/spring-boot-autoconfigure/2.0.1.RELEASE/spring-boot-autoconfigure-2.0.1.RELEASE.jar:/Users/jiangyuanyuan/.m2/repository/org/springframework/boot/spring-boot-starter-logging/2.0.1.RELEASE/spring-boot-starter-logging-2.0.1.RELEASE.jar:/Users/jiangyuanyuan/.m2/repository/ch/qos/logback/logback-classic/1.2.3/logback-classic-1.2.3.jar:/Users/jiangyuanyuan/.m2/repository/ch/qos/logback/logback-core/1.2.3/logback-core-1.2.3.jar:/Users/jiangyuanyuan/.m2/repository/org/apache/logging/log4j/log4j-to-slf4j/2.10.0/log4j-to-slf4j-2.10.0.jar:/Users/jiangyuanyuan/.m2/repository/org/apache/logging/log4j/log4j-api/2.10.0/log4j-api-2.10.0.jar:/Users/jiangyuanyuan/.m2/repository/org/slf4j/jul-to-slf4j/1.7.25/jul-to-slf4j-1.7.25.jar:/Users/jiangyuanyuan/.m2/repository/javax/annotation/javax.annotation-api/1.3.2/javax.annotation-api-1.3.2.jar:/Users/jiangyuanyuan/.m2/repository/org/yaml/snakeyaml/1.19/snakeyaml-1.19.jar:/Users/jiangyuanyuan/.m2/repository/org/springframework/boot/spring-boot-starter-json/2.0.1.RELEASE/spring-boot-starter-json-2.0.1.RELEASE.jar:/Users/jiangyuanyuan/.m2/repository/com/fasterxml/jackson/datatype/jackson-datatype-jdk8/2.9.5/jackson-datatype-jdk8-2.9.5.jar:/Users/jiangyuanyuan/.m2/repository/com/fasterxml/jackson/datatype/jackson-datatype-jsr310/2.9.5/jackson-datatype-jsr310-2.9.5.jar:/Users/jiangyuanyuan/.m2/repository/com/fasterxml/jackson/module/jackson-module-parameter-names/2.9.5/jackson-module-parameter-names-2.9.5.jar:/Users/jiangyuanyuan/.m2/repository/org/springframework/boot/spring-boot-starter-tomcat/2.0.1.RELEASE/spring-boot-starter-tomcat-2.0.1.RELEASE.jar:/Users/jiangyuanyuan/.m2/repository/org/apache/tomcat/embed/tomcat-embed-core/8.5.29/tomcat-embed-core-8.5.29.jar:/Users/jiangyuanyuan/.m2/repository/org/apache/tomcat/embed/tomcat-embed-el/8.5.29/tomcat-embed-el-8.5.29.jar:/Users/jiangyuanyuan/.m2/repository/org/apache/tomcat/embed/tomcat-embed-websocket/8.5.29/tomcat-embed-websocket-8.5.29.jar:/Users/jiangyuanyuan/.m2/repository/org/hibernate/validator/hibernate-validator/6.0.9.Final/hibernate-validator-6.0.9.Final.jar:/Users/jiangyuanyuan/.m2/repository/javax/validation/validation-api/2.0.1.Final/validation-api-2.0.1.Final.jar:/Users/jiangyuanyuan/.m2/repository/org/jboss/logging/jboss-logging/3.3.2.Final/jboss-logging-3.3.2.Final.jar:/Users/jiangyuanyuan/.m2/repository/com/fasterxml/classmate/1.3.4/classmate-1.3.4.jar:/Users/jiangyuanyuan/.m2/repository/org/springframework/spring-web/5.0.5.RELEASE/spring-web-5.0.5.RELEASE.jar:/Users/jiangyuanyuan/.m2/repository/org/springframework/spring-beans/5.0.5.RELEASE/spring-beans-5.0.5.RELEASE.jar:/Users/jiangyuanyuan/.m2/repository/org/springframework/spring-webmvc/5.0.5.RELEASE/spring-webmvc-5.0.5.RELEASE.jar:/Users/jiangyuanyuan/.m2/repository/org/springframework/spring-aop/5.0.5.RELEASE/spring-aop-5.0.5.RELEASE.jar:/Users/jiangyuanyuan/.m2/repository/org/springframework/spring-context/5.0.5.RELEASE/spring-context-5.0.5.RELEASE.jar:/Users/jiangyuanyuan/.m2/repository/org/springframework/spring-expression/5.0.5.RELEASE/spring-expression-5.0.5.RELEASE.jar:/Users/jiangyuanyuan/.m2/repository/org/springframework/spring-core/5.0.5.RELEASE/spring-core-5.0.5.RELEASE.jar:/Users/jiangyuanyuan/.m2/repository/org/springframework/spring-jcl/5.0.5.RELEASE/spring-jcl-5.0.5.RELEASE.jar:/Users/jiangyuanyuan/.m2/repository/io/jsonwebtoken/jjwt/0.9.0/jjwt-0.9.0.jar:/Users/jiangyuanyuan/.m2/repository/com/fasterxml/jackson/core/jackson-databind/2.9.5/jackson-databind-2.9.5.jar:/Users/jiangyuanyuan/.m2/repository/com/fasterxml/jackson/core/jackson-annotations/2.9.0/jackson-annotations-2.9.0.jar:/Users/jiangyuanyuan/.m2/repository/com/fasterxml/jackson/core/jackson-core/2.9.5/jackson-core-2.9.5.jar:/Users/jiangyuanyuan/IdeaProjects/guns/guns-core/target/classes:/Users/jiangyuanyuan/.m2/repository/com/baomidou/mybatisplus-spring-boot-starter/1.0.5/mybatisplus-spring-boot-starter-1.0.5.jar:/Users/jiangyuanyuan/.m2/repository/org/springframework/boot/spring-boot-configuration-processor/2.0.1.RELEASE/spring-boot-configuration-processor-2.0.1.RELEASE.jar:/Users/jiangyuanyuan/.m2/repository/com/baomidou/mybatis-plus/2.3/mybatis-plus-2.3.jar:/Users/jiangyuanyuan/.m2/repository/com/baomidou/mybatis-plus-support/2.3/mybatis-plus-support-2.3.jar:/Users/jiangyuanyuan/.m2/repository/com/baomidou/mybatis-plus-core/2.3/mybatis-plus-core-2.3.jar:/Users/jiangyuanyuan/.m2/repository/com/github/jsqlparser/jsqlparser/1.1/jsqlparser-1.1.jar:/Users/jiangyuanyuan/.m2/repository/org/mybatis/mybatis-spring/1.3.2/mybatis-spring-1.3.2.jar:/Users/jiangyuanyuan/.m2/repository/org/mybatis/mybatis/3.4.6/mybatis-3.4.6.jar:/Users/jiangyuanyuan/.m2/repository/com/baomidou/mybatis-plus-generate/2.3/mybatis-plus-generate-2.3.jar:/Users/jiangyuanyuan/.m2/repository/org/apache/velocity/velocity/1.7/velocity-1.7.jar:/Users/jiangyuanyuan/.m2/repository/commons-collections/commons-collections/3.2.1/commons-collections-3.2.1.jar:/Users/jiangyuanyuan/.m2/repository/commons-lang/commons-lang/2.4/commons-lang-2.4.jar:/Users/jiangyuanyuan/.m2/repository/mysql/mysql-connector-java/8.0.11/mysql-connector-java-8.0.11.jar:/Users/jiangyuanyuan/.m2/repository/com/google/protobuf/protobuf-java/2.6.0/protobuf-java-2.6.0.jar:/Users/jiangyuanyuan/.m2/repository/org/springframework/boot/spring-boot-starter-jdbc/2.0.1.RELEASE/spring-boot-starter-jdbc-2.0.1.RELEASE.jar:/Users/jiangyuanyuan/.m2/repository/com/zaxxer/HikariCP/2.7.8/HikariCP-2.7.8.jar:/Users/jiangyuanyuan/.m2/repository/org/springframework/spring-jdbc/5.0.5.RELEASE/spring-jdbc-5.0.5.RELEASE.jar:/Users/jiangyuanyuan/.m2/repository/org/springframework/spring-tx/5.0.5.RELEASE/spring-tx-5.0.5.RELEASE.jar:/Users/jiangyuanyuan/.m2/repository/com/alibaba/druid/1.1.10/druid-1.1.10.jar:/Users/jiangyuanyuan/.m2/repository/com/alibaba/fastjson/1.2.47/fastjson-1.2.47.jar:/Users/jiangyuanyuan/.m2/repository/org/apache/commons/commons-lang3/3.7/commons-lang3-3.7.jar:/Users/jiangyuanyuan/.m2/repository/com/stylefeng/guns-api/1.0.1/guns-api-1.0.1.jar:/Users/jiangyuanyuan/.m2/repository/org/projectlombok/lombok/1.16.20/lombok-1.16.20.jar:/Users/jiangyuanyuan/.m2/repository/com/alibaba/spring/boot/dubbo-spring-boot-starter/2.0.0/dubbo-spring-boot-starter-2.0.0.jar:/Users/jiangyuanyuan/.m2/repository/com/alibaba/dubbo/2.6.0/dubbo-2.6.0.jar:/Users/jiangyuanyuan/.m2/repository/org/javassist/javassist/3.20.0-GA/javassist-3.20.0-GA.jar:/Users/jiangyuanyuan/.m2/repository/org/jboss/netty/netty/3.2.5.Final/netty-3.2.5.Final.jar:/Users/jiangyuanyuan/.m2/repository/org/springframework/boot/spring-boot-starter-actuator/2.0.1.RELEASE/spring-boot-starter-actuator-2.0.1.RELEASE.jar:/Users/jiangyuanyuan/.m2/repository/org/springframework/boot/spring-boot-actuator-autoconfigure/2.0.1.RELEASE/spring-boot-actuator-autoconfigure-2.0.1.RELEASE.jar:/Users/jiangyuanyuan/.m2/repository/org/springframework/boot/spring-boot-actuator/2.0.1.RELEASE/spring-boot-actuator-2.0.1.RELEASE.jar:/Users/jiangyuanyuan/.m2/repository/io/micrometer/micrometer-core/1.0.3/micrometer-core-1.0.3.jar:/Users/jiangyuanyuan/.m2/repository/org/hdrhistogram/HdrHistogram/2.1.10/HdrHistogram-2.1.10.jar:/Users/jiangyuanyuan/.m2/repository/org/latencyutils/LatencyUtils/2.0.3/LatencyUtils-2.0.3.jar:/Users/jiangyuanyuan/.m2/repository/com/101tec/zkclient/0.10/zkclient-0.10.jar:/Users/jiangyuanyuan/.m2/repository/org/slf4j/slf4j-api/1.7.25/slf4j-api-1.7.25.jar:/Users/jiangyuanyuan/.m2/repository/org/apache/zookeeper/zookeeper/3.4.8/zookeeper-3.4.8.jar:/Users/jiangyuanyuan/.m2/repository/org/slf4j/slf4j-log4j12/1.7.25/slf4j-log4j12-1.7.25.jar:/Users/jiangyuanyuan/.m2/repository/log4j/log4j/1.2.16/log4j-1.2.16.jar:/Users/jiangyuanyuan/.m2/repository/jline/jline/0.9.94/jline-0.9.94.jar:/Users/jiangyuanyuan/.m2/repository/io/netty/netty/3.7.0.Final/netty-3.7.0.Final.jar:/Applications/IntelliJ IDEA.app/Contents/lib/idea_rt.jar
2019-11-17 15:50:46.934  INFO 8705 --- [DubboZkclientConnector] org.apache.zookeeper.ZooKeeper           : Client environment:java.library.path=/Users/jiangyuanyuan/Library/Java/Extensions:/Library/Java/Extensions:/Network/Library/Java/Extensions:/System/Library/Java/Extensions:/usr/lib/java:.
2019-11-17 15:50:46.934  INFO 8705 --- [DubboZkclientConnector] org.apache.zookeeper.ZooKeeper           : Client environment:java.io.tmpdir=/var/folders/j0/kgfn34h14w3_s7116cjgtfrh0000gn/T/
2019-11-17 15:50:46.934  INFO 8705 --- [DubboZkclientConnector] org.apache.zookeeper.ZooKeeper           : Client environment:java.compiler=<NA>
2019-11-17 15:50:46.934  INFO 8705 --- [DubboZkclientConnector] org.apache.zookeeper.ZooKeeper           : Client environment:os.name=Mac OS X
2019-11-17 15:50:46.934  INFO 8705 --- [DubboZkclientConnector] org.apache.zookeeper.ZooKeeper           : Client environment:os.arch=x86_64
2019-11-17 15:50:46.934  INFO 8705 --- [DubboZkclientConnector] org.apache.zookeeper.ZooKeeper           : Client environment:os.version=10.14.6
2019-11-17 15:50:46.934  INFO 8705 --- [DubboZkclientConnector] org.apache.zookeeper.ZooKeeper           : Client environment:user.name=jiangyuanyuan
2019-11-17 15:50:46.934  INFO 8705 --- [DubboZkclientConnector] org.apache.zookeeper.ZooKeeper           : Client environment:user.home=/Users/jiangyuanyuan
2019-11-17 15:50:46.934  INFO 8705 --- [DubboZkclientConnector] org.apache.zookeeper.ZooKeeper           : Client environment:user.dir=/Users/jiangyuanyuan/IdeaProjects/guns
2019-11-17 15:50:46.935  INFO 8705 --- [DubboZkclientConnector] org.apache.zookeeper.ZooKeeper           : Initiating client connection, connectString=122.51.6.138:2181 sessionTimeout=30000 watcher=org.I0Itec.zkclient.ZkClient@285c8c39
2019-11-17 15:50:46.941  INFO 8705 --- [DubboZkclientConnector] org.I0Itec.zkclient.ZkClient             : Waiting for keeper state SyncConnected
2019-11-17 15:50:46.943  INFO 8705 --- [DubboZkclientConnector-SendThread(122.51.6.138:2181)] org.apache.zookeeper.ClientCnxn          : Opening socket connection to server 122.51.6.138/122.51.6.138:2181. Will not attempt to authenticate using SASL (unknown error)
2019-11-17 15:50:46.987  INFO 8705 --- [DubboZkclientConnector-SendThread(122.51.6.138:2181)] org.apache.zookeeper.ClientCnxn          : Socket connection established to 122.51.6.138/122.51.6.138:2181, initiating session
2019-11-17 15:50:47.029  INFO 8705 --- [DubboZkclientConnector-SendThread(122.51.6.138:2181)] org.apache.zookeeper.ClientCnxn          : Session establishment complete on server 122.51.6.138/122.51.6.138:2181, sessionid = 0x10000004c5e000b, negotiated timeout = 30000
2019-11-17 15:50:47.030  INFO 8705 --- [DubboZkclientConnector-EventThread] org.I0Itec.zkclient.ZkClient             : zookeeper state changed (SyncConnected)
2019-11-17 15:50:47.492  INFO 8705 --- [main] o.s.b.a.e.web.EndpointLinksResolver      : Exposing 2 endpoint(s) beneath base path '/actuator'
2019-11-17 15:50:47.500  INFO 8705 --- [main] s.b.a.e.w.s.WebMvcEndpointHandlerMapping : Mapped "{[/actuator/health],methods=[GET],produces=[application/vnd.spring-boot.actuator.v2+json || application/json]}" onto public java.lang.Object org.springframework.boot.actuate.endpoint.web.servlet.AbstractWebMvcEndpointHandlerMapping$OperationHandler.handle(javax.servlet.http.HttpServletRequest,java.util.Map<java.lang.String, java.lang.String>)
2019-11-17 15:50:47.500  INFO 8705 --- [main] s.b.a.e.w.s.WebMvcEndpointHandlerMapping : Mapped "{[/actuator/info],methods=[GET],produces=[application/vnd.spring-boot.actuator.v2+json || application/json]}" onto public java.lang.Object org.springframework.boot.actuate.endpoint.web.servlet.AbstractWebMvcEndpointHandlerMapping$OperationHandler.handle(javax.servlet.http.HttpServletRequest,java.util.Map<java.lang.String, java.lang.String>)
2019-11-17 15:50:47.501  INFO 8705 --- [main] s.b.a.e.w.s.WebMvcEndpointHandlerMapping : Mapped "{[/actuator],methods=[GET],produces=[application/vnd.spring-boot.actuator.v2+json || application/json]}" onto protected java.util.Map<java.lang.String, java.util.Map<java.lang.String, org.springframework.boot.actuate.endpoint.web.Link>> org.springframework.boot.actuate.endpoint.web.servlet.WebMvcEndpointHandlerMapping.links(javax.servlet.http.HttpServletRequest,javax.servlet.http.HttpServletResponse)
2019-11-17 15:50:47.540  INFO 8705 --- [main] o.s.j.e.a.AnnotationMBeanExporter        : Registering beans for JMX exposure on startup
2019-11-17 15:50:47.541  INFO 8705 --- [main] o.s.j.e.a.AnnotationMBeanExporter        : Bean with name 'dataSource' has been autodetected for JMX exposure
2019-11-17 15:50:47.547  INFO 8705 --- [main] o.s.j.e.a.AnnotationMBeanExporter        : Located MBean 'dataSource': registering with JMX server as MBean [com.alibaba.druid.pool:name=dataSource,type=DruidDataSource]
2019-11-17 15:50:47.566  INFO 8705 --- [main] o.s.b.w.embedded.tomcat.TomcatWebServer  : Tomcat started on port(s): 8083 (http) with context path ''
2019-11-17 15:50:47.569  INFO 8705 --- [main] c.s.guns.rest.GunsUserApplication        : Started GunsUserApplication in 34.803 seconds (JVM running for 40.352)
2019-11-17 15:50:47.846  INFO 8705 --- [RMI TCP Connection(2)-192.168.2.122] o.a.c.c.C.[Tomcat].[localhost].[/]       : Initializing Spring FrameworkServlet 'dispatcherServlet'
2019-11-17 15:50:47.846  INFO 8705 --- [RMI TCP Connection(2)-192.168.2.122] o.s.web.servlet.DispatcherServlet        : FrameworkServlet 'dispatcherServlet': initialization started
2019-11-17 15:50:47.858  INFO 8705 --- [RMI TCP Connection(2)-192.168.2.122] o.s.web.servlet.DispatcherServlet        : FrameworkServlet 'dispatcherServlet': initialization completed in 12 ms
2019-11-17 16:24:48.855  WARN 8705 --- [DubboZkclientConnector-SendThread(122.51.6.138:2181)] org.apache.zookeeper.ClientCnxn          : Client session timed out, have not heard from server in 1411355ms for sessionid 0x10000004c5e000b
2019-11-17 16:24:48.861  INFO 8705 --- [DubboZkclientConnector-SendThread(122.51.6.138:2181)] org.apache.zookeeper.ClientCnxn          : Client session timed out, have not heard from server in 1411355ms for sessionid 0x10000004c5e000b, closing socket connection and attempting reconnect
2019-11-17 16:24:48.970  INFO 8705 --- [DubboZkclientConnector-EventThread] org.I0Itec.zkclient.ZkClient             : zookeeper state changed (Disconnected)
2019-11-17 16:24:50.431  INFO 8705 --- [DubboZkclientConnector-SendThread(122.51.6.138:2181)] org.apache.zookeeper.ClientCnxn          : Opening socket connection to server 122.51.6.138/122.51.6.138:2181. Will not attempt to authenticate using SASL (unknown error)
2019-11-17 16:24:50.432 ERROR 8705 --- [DubboZkclientConnector-SendThread(122.51.6.138:2181)] o.apache.zookeeper.ClientCnxnSocketNIO   : Unable to open socket to 122.51.6.138/122.51.6.138:2181
2019-11-17 16:24:50.449  WARN 8705 --- [DubboZkclientConnector-SendThread(122.51.6.138:2181)] org.apache.zookeeper.ClientCnxn          : Session 0x10000004c5e000b for server null, unexpected error, closing socket connection and attempting reconnect

java.net.SocketException: Network is unreachable
	at sun.nio.ch.Net.connect0(Native Method) ~[na:1.8.0_131]
	at sun.nio.ch.Net.connect(Net.java:454) ~[na:1.8.0_131]
	at sun.nio.ch.Net.connect(Net.java:446) ~[na:1.8.0_131]
	at sun.nio.ch.SocketChannelImpl.connect(SocketChannelImpl.java:648) ~[na:1.8.0_131]
	at org.apache.zookeeper.ClientCnxnSocketNIO.registerAndConnect(ClientCnxnSocketNIO.java:277) ~[zookeeper-3.4.8.jar:3.4.8--1]
	at org.apache.zookeeper.ClientCnxnSocketNIO.connect(ClientCnxnSocketNIO.java:287) ~[zookeeper-3.4.8.jar:3.4.8--1]
	at org.apache.zookeeper.ClientCnxn$SendThread.startConnect(ClientCnxn.java:1024) ~[zookeeper-3.4.8.jar:3.4.8--1]
	at org.apache.zookeeper.ClientCnxn$SendThread.run(ClientCnxn.java:1060) ~[zookeeper-3.4.8.jar:3.4.8--1]

2019-11-17 16:24:52.097  INFO 8705 --- [DubboZkclientConnector-SendThread(122.51.6.138:2181)] org.apache.zookeeper.ClientCnxn          : Opening socket connection to server 122.51.6.138/122.51.6.138:2181. Will not attempt to authenticate using SASL (unknown error)
2019-11-17 16:24:52.097 ERROR 8705 --- [DubboZkclientConnector-SendThread(122.51.6.138:2181)] o.apache.zookeeper.ClientCnxnSocketNIO   : Unable to open socket to 122.51.6.138/122.51.6.138:2181
2019-11-17 16:24:52.097  WARN 8705 --- [DubboZkclientConnector-SendThread(122.51.6.138:2181)] org.apache.zookeeper.ClientCnxn          : Session 0x10000004c5e000b for server null, unexpected error, closing socket connection and attempting reconnect

java.net.SocketException: Network is unreachable
	at sun.nio.ch.Net.connect0(Native Method) ~[na:1.8.0_131]
	at sun.nio.ch.Net.connect(Net.java:454) ~[na:1.8.0_131]
	at sun.nio.ch.Net.connect(Net.java:446) ~[na:1.8.0_131]
	at sun.nio.ch.SocketChannelImpl.connect(SocketChannelImpl.java:648) ~[na:1.8.0_131]
	at org.apache.zookeeper.ClientCnxnSocketNIO.registerAndConnect(ClientCnxnSocketNIO.java:277) ~[zookeeper-3.4.8.jar:3.4.8--1]
	at org.apache.zookeeper.ClientCnxnSocketNIO.connect(ClientCnxnSocketNIO.java:287) ~[zookeeper-3.4.8.jar:3.4.8--1]
	at org.apache.zookeeper.ClientCnxn$SendThread.startConnect(ClientCnxn.java:1024) ~[zookeeper-3.4.8.jar:3.4.8--1]
	at org.apache.zookeeper.ClientCnxn$SendThread.run(ClientCnxn.java:1060) ~[zookeeper-3.4.8.jar:3.4.8--1]

2019-11-17 16:24:53.700  INFO 8705 --- [DubboZkclientConnector-SendThread(122.51.6.138:2181)] org.apache.zookeeper.ClientCnxn          : Opening socket connection to server 122.51.6.138/122.51.6.138:2181. Will not attempt to authenticate using SASL (unknown error)
2019-11-17 16:24:53.701 ERROR 8705 --- [DubboZkclientConnector-SendThread(122.51.6.138:2181)] o.apache.zookeeper.ClientCnxnSocketNIO   : Unable to open socket to 122.51.6.138/122.51.6.138:2181
2019-11-17 16:24:53.702  WARN 8705 --- [DubboZkclientConnector-SendThread(122.51.6.138:2181)] org.apache.zookeeper.ClientCnxn          : Session 0x10000004c5e000b for server null, unexpected error, closing socket connection and attempting reconnect

java.net.SocketException: Network is unreachable
	at sun.nio.ch.Net.connect0(Native Method) ~[na:1.8.0_131]
	at sun.nio.ch.Net.connect(Net.java:454) ~[na:1.8.0_131]
	at sun.nio.ch.Net.connect(Net.java:446) ~[na:1.8.0_131]
	at sun.nio.ch.SocketChannelImpl.connect(SocketChannelImpl.java:648) ~[na:1.8.0_131]
	at org.apache.zookeeper.ClientCnxnSocketNIO.registerAndConnect(ClientCnxnSocketNIO.java:277) ~[zookeeper-3.4.8.jar:3.4.8--1]
	at org.apache.zookeeper.ClientCnxnSocketNIO.connect(ClientCnxnSocketNIO.java:287) ~[zookeeper-3.4.8.jar:3.4.8--1]
	at org.apache.zookeeper.ClientCnxn$SendThread.startConnect(ClientCnxn.java:1024) ~[zookeeper-3.4.8.jar:3.4.8--1]
	at org.apache.zookeeper.ClientCnxn$SendThread.run(ClientCnxn.java:1060) ~[zookeeper-3.4.8.jar:3.4.8--1]

2019-11-17 16:24:55.674  INFO 8705 --- [DubboZkclientConnector-SendThread(122.51.6.138:2181)] org.apache.zookeeper.ClientCnxn          : Opening socket connection to server 122.51.6.138/122.51.6.138:2181. Will not attempt to authenticate using SASL (unknown error)
2019-11-17 16:24:55.674 ERROR 8705 --- [DubboZkclientConnector-SendThread(122.51.6.138:2181)] o.apache.zookeeper.ClientCnxnSocketNIO   : Unable to open socket to 122.51.6.138/122.51.6.138:2181
2019-11-17 16:24:55.675  WARN 8705 --- [DubboZkclientConnector-SendThread(122.51.6.138:2181)] org.apache.zookeeper.ClientCnxn          : Session 0x10000004c5e000b for server null, unexpected error, closing socket connection and attempting reconnect

java.net.SocketException: Network is unreachable
	at sun.nio.ch.Net.connect0(Native Method) ~[na:1.8.0_131]
	at sun.nio.ch.Net.connect(Net.java:454) ~[na:1.8.0_131]
	at sun.nio.ch.Net.connect(Net.java:446) ~[na:1.8.0_131]
	at sun.nio.ch.SocketChannelImpl.connect(SocketChannelImpl.java:648) ~[na:1.8.0_131]
	at org.apache.zookeeper.ClientCnxnSocketNIO.registerAndConnect(ClientCnxnSocketNIO.java:277) ~[zookeeper-3.4.8.jar:3.4.8--1]
	at org.apache.zookeeper.ClientCnxnSocketNIO.connect(ClientCnxnSocketNIO.java:287) ~[zookeeper-3.4.8.jar:3.4.8--1]
	at org.apache.zookeeper.ClientCnxn$SendThread.startConnect(ClientCnxn.java:1024) ~[zookeeper-3.4.8.jar:3.4.8--1]
	at org.apache.zookeeper.ClientCnxn$SendThread.run(ClientCnxn.java:1060) ~[zookeeper-3.4.8.jar:3.4.8--1]

2019-11-17 16:24:57.181  INFO 8705 --- [DubboZkclientConnector-SendThread(122.51.6.138:2181)] org.apache.zookeeper.ClientCnxn          : Opening socket connection to server 122.51.6.138/122.51.6.138:2181. Will not attempt to authenticate using SASL (unknown error)
2019-11-17 16:24:57.182 ERROR 8705 --- [DubboZkclientConnector-SendThread(122.51.6.138:2181)] o.apache.zookeeper.ClientCnxnSocketNIO   : Unable to open socket to 122.51.6.138/122.51.6.138:2181
2019-11-17 16:24:57.183  WARN 8705 --- [DubboZkclientConnector-SendThread(122.51.6.138:2181)] org.apache.zookeeper.ClientCnxn          : Session 0x10000004c5e000b for server null, unexpected error, closing socket connection and attempting reconnect

java.net.SocketException: Network is unreachable
	at sun.nio.ch.Net.connect0(Native Method) ~[na:1.8.0_131]
	at sun.nio.ch.Net.connect(Net.java:454) ~[na:1.8.0_131]
	at sun.nio.ch.Net.connect(Net.java:446) ~[na:1.8.0_131]
	at sun.nio.ch.SocketChannelImpl.connect(SocketChannelImpl.java:648) ~[na:1.8.0_131]
	at org.apache.zookeeper.ClientCnxnSocketNIO.registerAndConnect(ClientCnxnSocketNIO.java:277) ~[zookeeper-3.4.8.jar:3.4.8--1]
	at org.apache.zookeeper.ClientCnxnSocketNIO.connect(ClientCnxnSocketNIO.java:287) ~[zookeeper-3.4.8.jar:3.4.8--1]
	at org.apache.zookeeper.ClientCnxn$SendThread.startConnect(ClientCnxn.java:1024) ~[zookeeper-3.4.8.jar:3.4.8--1]
	at org.apache.zookeeper.ClientCnxn$SendThread.run(ClientCnxn.java:1060) ~[zookeeper-3.4.8.jar:3.4.8--1]

2019-11-17 16:24:58.681  INFO 8705 --- [DubboZkclientConnector-SendThread(122.51.6.138:2181)] org.apache.zookeeper.ClientCnxn          : Opening socket connection to server 122.51.6.138/122.51.6.138:2181. Will not attempt to authenticate using SASL (unknown error)
2019-11-17 16:24:58.681 ERROR 8705 --- [DubboZkclientConnector-SendThread(122.51.6.138:2181)] o.apache.zookeeper.ClientCnxnSocketNIO   : Unable to open socket to 122.51.6.138/122.51.6.138:2181
2019-11-17 16:24:58.682  WARN 8705 --- [DubboZkclientConnector-SendThread(122.51.6.138:2181)] org.apache.zookeeper.ClientCnxn          : Session 0x10000004c5e000b for server null, unexpected error, closing socket connection and attempting reconnect

java.net.SocketException: Network is unreachable
	at sun.nio.ch.Net.connect0(Native Method) ~[na:1.8.0_131]
	at sun.nio.ch.Net.connect(Net.java:454) ~[na:1.8.0_131]
	at sun.nio.ch.Net.connect(Net.java:446) ~[na:1.8.0_131]
	at sun.nio.ch.SocketChannelImpl.connect(SocketChannelImpl.java:648) ~[na:1.8.0_131]
	at org.apache.zookeeper.ClientCnxnSocketNIO.registerAndConnect(ClientCnxnSocketNIO.java:277) ~[zookeeper-3.4.8.jar:3.4.8--1]
	at org.apache.zookeeper.ClientCnxnSocketNIO.connect(ClientCnxnSocketNIO.java:287) ~[zookeeper-3.4.8.jar:3.4.8--1]
	at org.apache.zookeeper.ClientCnxn$SendThread.startConnect(ClientCnxn.java:1024) ~[zookeeper-3.4.8.jar:3.4.8--1]
	at org.apache.zookeeper.ClientCnxn$SendThread.run(ClientCnxn.java:1060) ~[zookeeper-3.4.8.jar:3.4.8--1]

2019-11-17 16:25:00.133  INFO 8705 --- [DubboZkclientConnector-SendThread(122.51.6.138:2181)] org.apache.zookeeper.ClientCnxn          : Opening socket connection to server 122.51.6.138/122.51.6.138:2181. Will not attempt to authenticate using SASL (unknown error)
2019-11-17 16:25:00.515  INFO 8705 --- [DubboZkclientConnector-SendThread(122.51.6.138:2181)] org.apache.zookeeper.ClientCnxn          : Socket connection established to 122.51.6.138/122.51.6.138:2181, initiating session
2019-11-17 16:25:00.762  INFO 8705 --- [DubboZkclientConnector-EventThread] org.I0Itec.zkclient.ZkClient             : zookeeper state changed (Expired)
2019-11-17 16:25:00.762  WARN 8705 --- [DubboZkclientConnector-SendThread(122.51.6.138:2181)] org.apache.zookeeper.ClientCnxn          : Unable to reconnect to ZooKeeper service, session 0x10000004c5e000b has expired
2019-11-17 16:25:00.763  INFO 8705 --- [DubboZkclientConnector-SendThread(122.51.6.138:2181)] org.apache.zookeeper.ClientCnxn          : Unable to reconnect to ZooKeeper service, session 0x10000004c5e000b has expired, closing socket connection
2019-11-17 16:25:00.763  INFO 8705 --- [DubboZkclientConnector-EventThread] org.apache.zookeeper.ZooKeeper           : Initiating client connection, connectString=122.51.6.138:2181 sessionTimeout=30000 watcher=org.I0Itec.zkclient.ZkClient@285c8c39
2019-11-17 16:25:00.765  INFO 8705 --- [DubboZkclientConnector-SendThread(122.51.6.138:2181)] org.apache.zookeeper.ClientCnxn          : Opening socket connection to server 122.51.6.138/122.51.6.138:2181. Will not attempt to authenticate using SASL (unknown error)
2019-11-17 16:25:00.768  INFO 8705 --- [DubboZkclientConnector-EventThread] org.apache.zookeeper.ClientCnxn          : EventThread shut down for session: 0x10000004c5e000b
2019-11-17 16:25:01.067  INFO 8705 --- [DubboZkclientConnector-SendThread(122.51.6.138:2181)] org.apache.zookeeper.ClientCnxn          : Socket connection established to 122.51.6.138/122.51.6.138:2181, initiating session
2019-11-17 16:25:00.924  INFO 8705 --- [DubboZkclientConnector-SendThread(122.51.6.138:2181)] org.apache.zookeeper.ClientCnxn          : Session establishment complete on server 122.51.6.138/122.51.6.138:2181, sessionid = 0x10000004c5e000f, negotiated timeout = 30000
2019-11-17 16:25:00.924  INFO 8705 --- [DubboZkclientConnector-EventThread] org.I0Itec.zkclient.ZkClient             : zookeeper state changed (SyncConnected)
