2019-11-11 21:06:32,887 - Log4JLogChute initialized using file 'velocity.log'
2019-11-11 21:06:32,887 - Initializing Velocity, Calling init()...
2019-11-11 21:06:32,887 - Starting Apache Velocity v1.7 (compiled: 2010-11-19 12:14:37)
2019-11-11 21:06:32,887 - Default Properties File: org/apache/velocity/runtime/defaults/velocity.properties
2019-11-11 21:06:32,887 - Trying to use logger class org.apache.velocity.runtime.log.AvalonLogChute
2019-11-11 21:06:32,887 - Target log system for org.apache.velocity.runtime.log.AvalonLogChute is not available (java.lang.NoClassDefFoundError: org/apache/log/format/Formatter).  Falling back to next log system...
2019-11-11 21:06:32,887 - Trying to use logger class org.apache.velocity.runtime.log.Log4JLogChute
2019-11-11 21:06:32,887 - Using logger class org.apache.velocity.runtime.log.Log4JLogChute
2019-11-11 21:06:32,889 - ResourceLoader instantiated: org.apache.velocity.runtime.resource.loader.ClasspathResourceLoader
2019-11-11 21:06:32,900 - ResourceCache: initialized (class org.apache.velocity.runtime.resource.ResourceCacheImpl) with class java.util.Collections$SynchronizedMap cache map.
2019-11-11 21:06:32,901 - Loaded System Directive: org.apache.velocity.runtime.directive.Stop
2019-11-11 21:06:32,902 - Loaded System Directive: org.apache.velocity.runtime.directive.Define
2019-11-11 21:06:32,902 - Loaded System Directive: org.apache.velocity.runtime.directive.Break
2019-11-11 21:06:32,903 - Loaded System Directive: org.apache.velocity.runtime.directive.Evaluate
2019-11-11 21:06:32,903 - Loaded System Directive: org.apache.velocity.runtime.directive.Literal
2019-11-11 21:06:32,904 - Loaded System Directive: org.apache.velocity.runtime.directive.Macro
2019-11-11 21:06:32,905 - Loaded System Directive: org.apache.velocity.runtime.directive.Parse
2019-11-11 21:06:32,905 - Loaded System Directive: org.apache.velocity.runtime.directive.Include
2019-11-11 21:06:32,906 - Loaded System Directive: org.apache.velocity.runtime.directive.Foreach
2019-11-11 21:06:32,927 - Created '20' parsers.
2019-11-11 21:06:32,931 - Velocimacro : "velocimacro.library" is not set.  Trying default library: VM_global_library.vm
2019-11-11 21:06:32,931 - Could not load resource 'VM_global_library.vm' from ResourceLoader org.apache.velocity.runtime.resource.loader.ClasspathResourceLoader: ClasspathResourceLoader Error: cannot find resource VM_global_library.vm
2019-11-11 21:06:32,931 - Velocimacro : Default library not found.
2019-11-11 21:06:32,931 - Velocimacro : allowInline = true : VMs can be defined inline in templates
2019-11-11 21:06:32,931 - Velocimacro : allowInlineToOverride = false : VMs defined inline may NOT replace previous VM definitions
2019-11-11 21:06:32,931 - Velocimacro : allowInlineLocal = false : VMs defined inline will be global in scope if allowed.
2019-11-11 21:06:32,931 - Velocimacro : autoload off : VM system will not automatically reload global library macros
2019-11-11 21:06:32,954 - ResourceManager : found /templates/entity.java.vm with loader org.apache.velocity.runtime.resource.loader.ClasspathResourceLoader
2019-11-11 21:06:32,961 - Left side (${versionFieldName}) of '==' operation has null value. If it is a reference, it may not be in the context or its toString() returned null. /templates/entity.java.vm[line 76, column 26]
2019-11-11 21:06:32,961 - Left side (${logicDeleteFieldName}) of '==' operation has null value. If it is a reference, it may not be in the context or its toString() returned null. /templates/entity.java.vm[line 80, column 30]
2019-11-11 21:06:32,961 - Left side (${versionFieldName}) of '==' operation has null value. If it is a reference, it may not be in the context or its toString() returned null. /templates/entity.java.vm[line 76, column 26]
2019-11-11 21:06:32,961 - Left side (${logicDeleteFieldName}) of '==' operation has null value. If it is a reference, it may not be in the context or its toString() returned null. /templates/entity.java.vm[line 80, column 30]
2019-11-11 21:06:32,961 - Left side (${versionFieldName}) of '==' operation has null value. If it is a reference, it may not be in the context or its toString() returned null. /templates/entity.java.vm[line 76, column 26]
2019-11-11 21:06:32,961 - Left side (${logicDeleteFieldName}) of '==' operation has null value. If it is a reference, it may not be in the context or its toString() returned null. /templates/entity.java.vm[line 80, column 30]
2019-11-11 21:06:32,961 - Left side (${versionFieldName}) of '==' operation has null value. If it is a reference, it may not be in the context or its toString() returned null. /templates/entity.java.vm[line 76, column 26]
2019-11-11 21:06:32,961 - Left side (${logicDeleteFieldName}) of '==' operation has null value. If it is a reference, it may not be in the context or its toString() returned null. /templates/entity.java.vm[line 80, column 30]
2019-11-11 21:06:32,961 - Left side (${versionFieldName}) of '==' operation has null value. If it is a reference, it may not be in the context or its toString() returned null. /templates/entity.java.vm[line 76, column 26]
2019-11-11 21:06:32,961 - Left side (${logicDeleteFieldName}) of '==' operation has null value. If it is a reference, it may not be in the context or its toString() returned null. /templates/entity.java.vm[line 80, column 30]
2019-11-11 21:06:32,962 - Left side (${versionFieldName}) of '==' operation has null value. If it is a reference, it may not be in the context or its toString() returned null. /templates/entity.java.vm[line 76, column 26]
2019-11-11 21:06:32,962 - Left side (${logicDeleteFieldName}) of '==' operation has null value. If it is a reference, it may not be in the context or its toString() returned null. /templates/entity.java.vm[line 80, column 30]
2019-11-11 21:06:32,962 - Left side (${versionFieldName}) of '==' operation has null value. If it is a reference, it may not be in the context or its toString() returned null. /templates/entity.java.vm[line 76, column 26]
2019-11-11 21:06:32,962 - Left side (${logicDeleteFieldName}) of '==' operation has null value. If it is a reference, it may not be in the context or its toString() returned null. /templates/entity.java.vm[line 80, column 30]
2019-11-11 21:06:32,963 - Left side (${versionFieldName}) of '==' operation has null value. If it is a reference, it may not be in the context or its toString() returned null. /templates/entity.java.vm[line 76, column 26]
2019-11-11 21:06:32,963 - Left side (${logicDeleteFieldName}) of '==' operation has null value. If it is a reference, it may not be in the context or its toString() returned null. /templates/entity.java.vm[line 80, column 30]
2019-11-11 21:06:32,963 - Left side (${versionFieldName}) of '==' operation has null value. If it is a reference, it may not be in the context or its toString() returned null. /templates/entity.java.vm[line 76, column 26]
2019-11-11 21:06:32,963 - Left side (${logicDeleteFieldName}) of '==' operation has null value. If it is a reference, it may not be in the context or its toString() returned null. /templates/entity.java.vm[line 80, column 30]
2019-11-11 21:06:32,963 - Left side (${versionFieldName}) of '==' operation has null value. If it is a reference, it may not be in the context or its toString() returned null. /templates/entity.java.vm[line 76, column 26]
2019-11-11 21:06:32,963 - Left side (${logicDeleteFieldName}) of '==' operation has null value. If it is a reference, it may not be in the context or its toString() returned null. /templates/entity.java.vm[line 80, column 30]
2019-11-11 21:06:32,963 - Left side (${versionFieldName}) of '==' operation has null value. If it is a reference, it may not be in the context or its toString() returned null. /templates/entity.java.vm[line 76, column 26]
2019-11-11 21:06:32,963 - Left side (${logicDeleteFieldName}) of '==' operation has null value. If it is a reference, it may not be in the context or its toString() returned null. /templates/entity.java.vm[line 80, column 30]
2019-11-11 21:06:32,963 - Left side (${versionFieldName}) of '==' operation has null value. If it is a reference, it may not be in the context or its toString() returned null. /templates/entity.java.vm[line 76, column 26]
2019-11-11 21:06:32,963 - Left side (${logicDeleteFieldName}) of '==' operation has null value. If it is a reference, it may not be in the context or its toString() returned null. /templates/entity.java.vm[line 80, column 30]
2019-11-11 21:06:32,963 - Left side (${versionFieldName}) of '==' operation has null value. If it is a reference, it may not be in the context or its toString() returned null. /templates/entity.java.vm[line 76, column 26]
2019-11-11 21:06:32,964 - Left side (${logicDeleteFieldName}) of '==' operation has null value. If it is a reference, it may not be in the context or its toString() returned null. /templates/entity.java.vm[line 80, column 30]
2019-11-11 21:06:32,964 - Left side (${versionFieldName}) of '==' operation has null value. If it is a reference, it may not be in the context or its toString() returned null. /templates/entity.java.vm[line 76, column 26]
2019-11-11 21:06:32,964 - Left side (${logicDeleteFieldName}) of '==' operation has null value. If it is a reference, it may not be in the context or its toString() returned null. /templates/entity.java.vm[line 80, column 30]
2019-11-11 21:06:32,972 - ResourceManager : found /templates/mapper.java.vm with loader org.apache.velocity.runtime.resource.loader.ClasspathResourceLoader
2019-11-11 21:06:32,979 - ResourceManager : found /templates/mapper.xml.vm with loader org.apache.velocity.runtime.resource.loader.ClasspathResourceLoader
2019-11-11 21:06:32,986 - ResourceManager : found /templates/service.java.vm with loader org.apache.velocity.runtime.resource.loader.ClasspathResourceLoader
2019-11-11 21:06:32,989 - ResourceManager : found /templates/serviceImpl.java.vm with loader org.apache.velocity.runtime.resource.loader.ClasspathResourceLoader
2019-11-11 21:06:32,992 - ResourceManager : found /templates/controller.java.vm with loader org.apache.velocity.runtime.resource.loader.ClasspathResourceLoader
